2019-07-14 20:00:12 +0000 [MT] Initial pipeline context: <IDEDistributionProcessingPipelineContext: 0x7fcdac0be3f0; archive(resolved)='<IDEArchive: 0x7fcdabd73480>', distributionTask(resolved)='2', distributionDestination(resolved)='1', distributionMethod(resolved)='<IDEDistributionMethodDeveloperID: 0x7fcdab9f41f0>', team(resolved)='<IDEProvisioningBasicTeam: 0x7fcdabd0c5b0; teamID='3H49MXS325', teamName='(null)'>'>
	Chain (10, self inclusive):
	<IDEDistributionProcessingPipelineContext: 0x7fcdac0be3f0; archive = '<IDEArchive: 0x7fcdabd73480>', distributionMethod='<IDEDistributionMethodDeveloperID: 0x7fcdab9f41f0>', team='<IDEProvisioningBasicTeam: 0x7fcdabd0c5b0; teamID='3H49MXS325', teamName='(null)'>'>
	<IDEDistributionProcessingPipelineContext: 0x7fcdac0c4020; archive = '<IDEArchive: 0x7fcdabd73480>', distributionMethod='<IDEDistributionMethodDeveloperID: 0x7fcdab9f41f0>', team='<IDEProvisioningBasicTeam: 0x7fcdabd0c5b0; teamID='3H49MXS325', teamName='(null)'>'>
	<IDEDistributionContext: 0x7fcdac0bcff0; archive = '<IDEArchive: 0x7fcdabd73480>', distributionMethod='<IDEDistributionMethodDeveloperID: 0x7fcdab9f41f0>', team='<IDEProvisioningBasicTeam: 0x7fcdabd0c5b0; teamID='3H49MXS325', teamName='(null)'>'>
	<IDEDistributionContext: 0x7fcdabfdfde0; archive = '<IDEArchive: 0x7fcdabd73480>', distributionMethod='<IDEDistributionMethodDeveloperID: 0x7fcdab9f41f0>', team='<IDEProvisioningBasicTeam: 0x7fcdabd0c5b0; teamID='3H49MXS325', teamName='(null)'>'>
	<IDEDistributionContext: 0x7fcdabee9f60; archive = '<IDEArchive: 0x7fcdabd73480>', distributionMethod='<IDEDistributionMethodDeveloperID: 0x7fcdab9f41f0>', team='<IDEProvisioningBasicTeam: 0x7fcdabd0c5b0; teamID='3H49MXS325', teamName='(null)'>'>
	<IDEDistributionContext: 0x7fcdac11ca80; archive = '<IDEArchive: 0x7fcdabd73480>', distributionMethod='<IDEDistributionMethodDeveloperID: 0x7fcdab9f41f0>', team='<IDEProvisioningBasicTeam: 0x7fcdabd0c5b0; teamID='3H49MXS325', teamName='(null)'>'>
	<IDEDistributionContext: 0x7fcdabfde4b0; archive = '<IDEArchive: 0x7fcdabd73480>', distributionMethod='<IDEDistributionMethodDeveloperID: 0x7fcdab9f41f0>', team='<IDEProvisioningBasicTeam: 0x7fcdabd0c5b0; teamID='3H49MXS325', teamName='(null)'>'>
	<IDEDistributionContext: 0x7fcdabe2d100; archive = '<IDEArchive: 0x7fcdabd73480>', distributionMethod='<IDEDistributionMethodDeveloperID: 0x7fcdab9f41f0>', team='<IDEProvisioningBasicTeam: 0x7fcdabd0c5b0; teamID='3H49MXS325', teamName='(null)'>'>
	<IDEDistributionContext: 0x7fcdabf27890; archive = '<IDEArchive: 0x7fcdabd73480>', distributionMethod='<IDEDistributionMethodDeveloperID: 0x7fcdab9f41f0>', team='(null)'>
	<IDEDistributionContext: 0x7fcdabd73ca0; archive = '<IDEArchive: 0x7fcdabd73480>', distributionMethod='(null)', team='(null)'>
</IDEDistributionProcessingPipelineContext: 0x7fcdac0be3f0>
2019-07-14 20:00:12 +0000 [MT] Processing step: IDEDistributionCreateDestRootStep
2019-07-14 20:00:12 +0000 [MT] Processing step: IDEDistributionCopyItemStep
2019-07-14 20:00:12 +0000 [MT] Running /usr/bin/ditto '-V' '/Users/maxmitch/Documents/work/notifi/Mac App/tmp.xcarchive/Products/Applications/notifi.app' '/var/folders/86/c9h8fjwn6svb1m7jj5qr1f9h0000gn/T/XcodeDistPipeline.yW5/Root/Applications/notifi.app'
2019-07-14 20:00:12 +0000  >>> Copying /Users/maxmitch/Documents/work/notifi/Mac App/tmp.xcarchive/Products/Applications/notifi.app 
2019-07-14 20:00:12 +0000  copying file ./Contents/_CodeSignature/CodeResources ... 
2019-07-14 20:00:12 +0000  8748 bytes for ./Contents/_CodeSignature/CodeResources
2019-07-14 20:00:12 +0000  copying file ./Contents/MacOS/notifi ... 
2019-07-14 20:00:12 +0000  167216 bytes for ./Contents/MacOS/notifi
2019-07-14 20:00:12 +0000  copying file ./Contents/Resources/bell.png ... 
2019-07-14 20:00:12 +0000  21759 bytes for ./Contents/Resources/bell.png
2019-07-14 20:00:12 +0000  copying file ./Contents/Resources/sad.png ... 
2019-07-14 20:00:12 +0000  32212 bytes for ./Contents/Resources/sad.png
2019-07-14 20:00:12 +0000  copying file ./Contents/Resources/link.png ... 
2019-07-14 20:00:12 +0000  4133 bytes for ./Contents/Resources/link.png
2019-07-14 20:00:12 +0000  copying file ./Contents/Resources/AppIcon.icns ... 
2019-07-14 20:00:12 +0000  162034 bytes for ./Contents/Resources/AppIcon.icns
2019-07-14 20:00:12 +0000  copying file ./Contents/Resources/cog.png ... 
2019-07-14 20:00:12 +0000  2769 bytes for ./Contents/Resources/cog.png
2019-07-14 20:00:12 +0000  copying file ./Contents/Resources/mark-all-read.png ... 
2019-07-14 20:00:12 +0000  3373 bytes for ./Contents/Resources/mark-all-read.png
2019-07-14 20:00:12 +0000  copying file ./Contents/Resources/menu_bellicon.png ... 
2019-07-14 20:00:12 +0000  20632 bytes for ./Contents/Resources/menu_bellicon.png
copying file ./Contents/Resources/Assets.car ... 
2019-07-14 20:00:12 +0000  123832 bytes for ./Contents/Resources/Assets.car
2019-07-14 20:00:12 +0000  copying file ./Contents/Resources/menu_error_bellicon.png ... 
2019-07-14 20:00:12 +0000  20507 bytes for ./Contents/Resources/menu_error_bellicon.png
2019-07-14 20:00:12 +0000  copying file ./Contents/Resources/alert_menu_bellicon.png ... 
2019-07-14 20:00:12 +0000  20644 bytes for ./Contents/Resources/alert_menu_bellicon.png
2019-07-14 20:00:12 +0000  copying file ./Contents/Resources/delete-all.png ... 
2019-07-14 20:00:12 +0000  3398 bytes for ./Contents/Resources/delete-all.png
2019-07-14 20:00:12 +0000  copying file ./Contents/Resources/up_arrow.png ... 
2019-07-14 20:00:12 +0000  3171 bytes for ./Contents/Resources/up_arrow.png
2019-07-14 20:00:12 +0000  copying file ./Contents/Resources/Credits.html ... 
2019-07-14 20:00:12 +0000  13231 bytes for ./Contents/Resources/Credits.html
2019-07-14 20:00:12 +0000  copying file ./Contents/Resources/fonts/Montserrat-Light.ttf ... 
2019-07-14 20:00:12 +0000  259416 bytes for ./Contents/Resources/fonts/Montserrat-Light.ttf
2019-07-14 20:00:12 +0000  copying file ./Contents/Resources/fonts/Montserrat-SemiBold.ttf ... 
2019-07-14 20:00:12 +0000  260936 bytes for ./Contents/Resources/fonts/Montserrat-SemiBold.ttf
2019-07-14 20:00:12 +0000  copying file ./Contents/Resources/fonts/Montserrat-Regular.ttf ... 
2019-07-14 20:00:12 +0000  263192 bytes for ./Contents/Resources/fonts/Montserrat-Regular.ttf
2019-07-14 20:00:12 +0000  copying symlink ./Contents/Frameworks/Sparkle.framework/Resources ... 
2019-07-14 20:00:12 +0000  linked ./Contents/Frameworks/Sparkle.framework/Resources
2019-07-14 20:00:12 +0000  copying file ./Contents/Frameworks/Sparkle.framework/Versions/A/_CodeSignature/CodeResources ... 
2019-07-14 20:00:12 +0000  76634 bytes for ./Contents/Frameworks/Sparkle.framework/Versions/A/_CodeSignature/CodeResources
2019-07-14 20:00:12 +0000  copying file ./Contents/Frameworks/Sparkle.framework/Versions/A/Resources/de.lproj/Sparkle.strings ... 
2019-07-14 20:00:12 +0000  8874 bytes for ./Contents/Frameworks/Sparkle.framework/Versions/A/Resources/de.lproj/Sparkle.strings
2019-07-14 20:00:12 +0000  copying file ./Contents/Frameworks/Sparkle.framework/Versions/A/Resources/de.lproj/SUAutomaticUpdateAlert.nib ... 
2019-07-14 20:00:12 +0000  12327 bytes for ./Contents/Frameworks/Sparkle.framework/Versions/A/Resources/de.lproj/SUAutomaticUpdateAlert.nib
2019-07-14 20:00:12 +0000  copying file ./Contents/Frameworks/Sparkle.framework/Versions/A/Resources/de.lproj/SUUpdatePermissionPrompt.nib ... 
2019-07-14 20:00:12 +0000  18555 bytes for ./Contents/Frameworks/Sparkle.framework/Versions/A/Resources/de.lproj/SUUpdatePermissionPrompt.nib
2019-07-14 20:00:12 +0000  copying file ./Contents/Frameworks/Sparkle.framework/Versions/A/Resources/de.lproj/SUUpdateAlert.nib ... 
2019-07-14 20:00:12 +0000  21705 bytes for ./Contents/Frameworks/Sparkle.framework/Versions/A/Resources/de.lproj/SUUpdateAlert.nib
2019-07-14 20:00:12 +0000  copying file ./Contents/Frameworks/Sparkle.framework/Versions/A/Resources/he.lproj/Sparkle.strings ... 
2019-07-14 20:00:12 +0000  4936 bytes for ./Contents/Frameworks/Sparkle.framework/Versions/A/Resources/he.lproj/Sparkle.strings
2019-07-14 20:00:12 +0000  copying file ./Contents/Frameworks/Sparkle.framework/Versions/A/Resources/ar.lproj/Sparkle.strings ... 
2019-07-14 20:00:12 +0000  8070 bytes for ./Contents/Frameworks/Sparkle.framework/Versions/A/Resources/ar.lproj/Sparkle.strings
2019-07-14 20:00:12 +0000  copying file ./Contents/Frameworks/Sparkle.framework/Versions/A/Resources/ar.lproj/SUAutomaticUpdateAlert.nib ... 
2019-07-14 20:00:12 +0000  12411 bytes for ./Contents/Frameworks/Sparkle.framework/Versions/A/Resources/ar.lproj/SUAutomaticUpdateAlert.nib
2019-07-14 20:00:12 +0000  copying file ./Contents/Frameworks/Sparkle.framework/Versions/A/Resources/ar.lproj/SUUpdatePermissionPrompt.nib ... 
2019-07-14 20:00:12 +0000  18515 bytes for ./Contents/Frameworks/Sparkle.framework/Versions/A/Resources/ar.lproj/SUUpdatePermissionPrompt.nib
2019-07-14 20:00:12 +0000  copying file ./Contents/Frameworks/Sparkle.framework/Versions/A/Resources/ar.lproj/SUUpdateAlert.nib ... 
2019-07-14 20:00:12 +0000  21763 bytes for ./Contents/Frameworks/Sparkle.framework/Versions/A/Resources/ar.lproj/SUUpdateAlert.nib
2019-07-14 20:00:12 +0000  copying file ./Contents/Frameworks/Sparkle.framework/Versions/A/Resources/el.lproj/Sparkle.strings ... 
2019-07-14 20:00:12 +0000  7332 bytes for ./Contents/Frameworks/Sparkle.framework/Versions/A/Resources/el.lproj/Sparkle.strings
2019-07-14 20:00:12 +0000  copying file ./Contents/Frameworks/Sparkle.framework/Versions/A/Resources/el.lproj/SUAutomaticUpdateAlert.nib ... 
2019-07-14 20:00:12 +0000  12451 bytes for ./Contents/Frameworks/Sparkle.framework/Versions/A/Resources/el.lproj/SUAutomaticUpdateAlert.nib
2019-07-14 20:00:12 +0000  copying file ./Contents/Frameworks/Sparkle.framework/Versions/A/Resources/el.lproj/SUUpdatePermissionPrompt.nib ... 
2019-07-14 20:00:12 +0000  18645 bytes for ./Contents/Frameworks/Sparkle.framework/Versions/A/Resources/el.lproj/SUUpdatePermissionPrompt.nib
2019-07-14 20:00:12 +0000  copying file ./Contents/Frameworks/Sparkle.framework/Versions/A/Resources/el.lproj/SUUpdateAlert.nib ... 
2019-07-14 20:00:12 +0000  21804 bytes for ./Contents/Frameworks/Sparkle.framework/Versions/A/Resources/el.lproj/SUUpdateAlert.nib
2019-07-14 20:00:12 +0000  copying file ./Contents/Frameworks/Sparkle.framework/Versions/A/Resources/ja.lproj/Sparkle.strings ... 
2019-07-14 20:00:12 +0000  7718 bytes for ./Contents/Frameworks/Sparkle.framework/Versions/A/Resources/ja.lproj/Sparkle.strings
2019-07-14 20:00:12 +0000  copying file ./Contents/Frameworks/Sparkle.framework/Versions/A/Resources/ja.lproj/SUAutomaticUpdateAlert.nib ... 
2019-07-14 20:00:12 +0000  12315 bytes for ./Contents/Frameworks/Sparkle.framework/Versions/A/Resources/ja.lproj/SUAutomaticUpdateAlert.nib
copying file ./Contents/Frameworks/Sparkle.framework/Versions/A/Resources/ja.lproj/SUUpdatePermissionPrompt.nib ... 
2019-07-14 20:00:12 +0000  18273 bytes for ./Contents/Frameworks/Sparkle.framework/Versions/A/Resources/ja.lproj/SUUpdatePermissionPrompt.nib
copying file ./Contents/Frameworks/Sparkle.framework/Versions/A/Resources/ja.lproj/SUUpdateAlert.nib ... 
2019-07-14 20:00:12 +0000  21679 bytes for ./Contents/Frameworks/Sparkle.framework/Versions/A/Resources/ja.lproj/SUUpdateAlert.nib
2019-07-14 20:00:12 +0000  copying file ./Contents/Frameworks/Sparkle.framework/Versions/A/Resources/en.lproj/Sparkle.strings ... 
2019-07-14 20:00:12 +0000  9096 bytes for ./Contents/Frameworks/Sparkle.framework/Versions/A/Resources/en.lproj/Sparkle.strings
2019-07-14 20:00:12 +0000  copying file ./Contents/Frameworks/Sparkle.framework/Versions/A/Resources/en.lproj/SUAutomaticUpdateAlert.nib ... 
2019-07-14 20:00:12 +0000  12305 bytes for ./Contents/Frameworks/Sparkle.framework/Versions/A/Resources/en.lproj/SUAutomaticUpdateAlert.nib
2019-07-14 20:00:12 +0000  copying file ./Contents/Frameworks/Sparkle.framework/Versions/A/Resources/en.lproj/SUUpdatePermissionPrompt.nib ... 
2019-07-14 20:00:12 +0000  18344 bytes for ./Contents/Frameworks/Sparkle.framework/Versions/A/Resources/en.lproj/SUUpdatePermissionPrompt.nib
2019-07-14 20:00:12 +0000  copying file ./Contents/Frameworks/Sparkle.framework/Versions/A/Resources/en.lproj/SUUpdateAlert.nib ... 
2019-07-14 20:00:12 +0000  21657 bytes for ./Contents/Frameworks/Sparkle.framework/Versions/A/Resources/en.lproj/SUUpdateAlert.nib
2019-07-14 20:00:12 +0000  copying file ./Contents/Frameworks/Sparkle.framework/Versions/A/Resources/SUModelTranslation.plist ... 
2019-07-14 20:00:12 +0000  11859 bytes for ./Contents/Frameworks/Sparkle.framework/Versions/A/Resources/SUModelTranslation.plist
2019-07-14 20:00:12 +0000  copying file ./Contents/Frameworks/Sparkle.framework/Versions/A/Resources/uk.lproj/Sparkle.strings ... 
2019-07-14 20:00:12 +0000  7466 bytes for ./Contents/Frameworks/Sparkle.framework/Versions/A/Resources/uk.lproj/Sparkle.strings
copying file ./Contents/Frameworks/Sparkle.framework/Versions/A/Resources/uk.lproj/SUAutomaticUpdateAlert.nib ... 
2019-07-14 20:00:12 +0000  12471 bytes for ./Contents/Frameworks/Sparkle.framework/Versions/A/Resources/uk.lproj/SUAutomaticUpdateAlert.nib
2019-07-14 20:00:12 +0000  copying file ./Contents/Frameworks/Sparkle.framework/Versions/A/Resources/uk.lproj/SUUpdatePermissionPrompt.nib ... 
2019-07-14 20:00:12 +0000  18638 bytes for ./Contents/Frameworks/Sparkle.framework/Versions/A/Resources/uk.lproj/SUUpdatePermissionPrompt.nib
2019-07-14 20:00:12 +0000  copying file ./Contents/Frameworks/Sparkle.framework/Versions/A/Resources/uk.lproj/SUUpdateAlert.nib ... 
2019-07-14 20:00:12 +0000  21893 bytes for ./Contents/Frameworks/Sparkle.framework/Versions/A/Resources/uk.lproj/SUUpdateAlert.nib
2019-07-14 20:00:12 +0000  copying file ./Contents/Frameworks/Sparkle.framework/Versions/A/Resources/zh_CN.lproj/Sparkle.strings ... 
2019-07-14 20:00:12 +0000  5484 bytes for ./Contents/Frameworks/Sparkle.framework/Versions/A/Resources/zh_CN.lproj/Sparkle.strings
2019-07-14 20:00:12 +0000  copying file ./Contents/Frameworks/Sparkle.framework/Versions/A/Resources/zh_CN.lproj/SUAutomaticUpdateAlert.nib ... 
2019-07-14 20:00:12 +0000  12249 bytes for ./Contents/Frameworks/Sparkle.framework/Versions/A/Resources/zh_CN.lproj/SUAutomaticUpdateAlert.nib
2019-07-14 20:00:12 +0000  copying file ./Contents/Frameworks/Sparkle.framework/Versions/A/Resources/zh_CN.lproj/SUUpdatePermissionPrompt.nib ... 
2019-07-14 20:00:12 +0000  18199 bytes for ./Contents/Frameworks/Sparkle.framework/Versions/A/Resources/zh_CN.lproj/SUUpdatePermissionPrompt.nib
copying file ./Contents/Frameworks/Sparkle.framework/Versions/A/Resources/zh_CN.lproj/SUUpdateAlert.nib ... 
2019-07-14 20:00:12 +0000  21577 bytes for ./Contents/Frameworks/Sparkle.framework/Versions/A/Resources/zh_CN.lproj/SUUpdateAlert.nib
2019-07-14 20:00:12 +0000  copying file ./Contents/Frameworks/Sparkle.framework/Versions/A/Resources/nb.lproj/Sparkle.strings ... 
2019-07-14 20:00:12 +0000  8998 bytes for ./Contents/Frameworks/Sparkle.framework/Versions/A/Resources/nb.lproj/Sparkle.strings
copying file ./Contents/Frameworks/Sparkle.framework/Versions/A/Resources/nb.lproj/SUAutomaticUpdateAlert.nib ... 
2019-07-14 20:00:12 +0000  12327 bytes for ./Contents/Frameworks/Sparkle.framework/Versions/A/Resources/nb.lproj/SUAutomaticUpdateAlert.nib
2019-07-14 20:00:12 +0000  copying file ./Contents/Frameworks/Sparkle.framework/Versions/A/Resources/nb.lproj/SUUpdatePermissionPrompt.nib ... 
2019-07-14 20:00:12 +0000  18536 bytes for ./Contents/Frameworks/Sparkle.framework/Versions/A/Resources/nb.lproj/SUUpdatePermissionPrompt.nib
2019-07-14 20:00:12 +0000  copying file ./Contents/Frameworks/Sparkle.framework/Versions/A/Resources/nb.lproj/SUUpdateAlert.nib ... 
2019-07-14 20:00:12 +0000  21628 bytes for ./Contents/Frameworks/Sparkle.framework/Versions/A/Resources/nb.lproj/SUUpdateAlert.nib
2019-07-14 20:00:12 +0000  copying file ./Contents/Frameworks/Sparkle.framework/Versions/A/Resources/es.lproj/Sparkle.strings ... 
2019-07-14 20:00:12 +0000  9640 bytes for ./Contents/Frameworks/Sparkle.framework/Versions/A/Resources/es.lproj/Sparkle.strings
2019-07-14 20:00:12 +0000  copying file ./Contents/Frameworks/Sparkle.framework/Versions/A/Resources/es.lproj/SUAutomaticUpdateAlert.nib ... 
2019-07-14 20:00:12 +0000  12361 bytes for ./Contents/Frameworks/Sparkle.framework/Versions/A/Resources/es.lproj/SUAutomaticUpdateAlert.nib
copying file ./Contents/Frameworks/Sparkle.framework/Versions/A/Resources/es.lproj/SUUpdatePermissionPrompt.nib ... 
2019-07-14 20:00:12 +0000  18731 bytes for ./Contents/Frameworks/Sparkle.framework/Versions/A/Resources/es.lproj/SUUpdatePermissionPrompt.nib
copying file ./Contents/Frameworks/Sparkle.framework/Versions/A/Resources/es.lproj/SUUpdateAlert.nib ... 
21839 bytes for ./Contents/Frameworks/Sparkle.framework/Versions/A/Resources/es.lproj/SUUpdateAlert.nib
2019-07-14 20:00:12 +0000  copying file ./Contents/Frameworks/Sparkle.framework/Versions/A/Resources/is.lproj/Sparkle.strings ... 
2019-07-14 20:00:12 +0000  5478 bytes for ./Contents/Frameworks/Sparkle.framework/Versions/A/Resources/is.lproj/Sparkle.strings
copying file ./Contents/Frameworks/Sparkle.framework/Versions/A/Resources/is.lproj/SUAutomaticUpdateAlert.nib ... 
12375 bytes for ./Contents/Frameworks/Sparkle.framework/Versions/A/Resources/is.lproj/SUAutomaticUpdateAlert.nib
copying file ./Contents/Frameworks/Sparkle.framework/Versions/A/Resources/is.lproj/SUUpdatePermissionPrompt.nib ... 
18643 bytes for ./Contents/Frameworks/Sparkle.framework/Versions/A/Resources/is.lproj/SUUpdatePermissionPrompt.nib
copying file ./Contents/Frameworks/Sparkle.framework/Versions/A/Resources/is.lproj/SUUpdateAlert.nib ... 
2019-07-14 20:00:12 +0000  21774 bytes for ./Contents/Frameworks/Sparkle.framework/Versions/A/Resources/is.lproj/SUUpdateAlert.nib
copying file ./Contents/Frameworks/Sparkle.framework/Versions/A/Resources/sl.lproj/Sparkle.strings ... 
2019-07-14 20:00:12 +0000  7562 bytes for ./Contents/Frameworks/Sparkle.framework/Versions/A/Resources/sl.lproj/Sparkle.strings
copying file ./Contents/Frameworks/Sparkle.framework/Versions/A/Resources/sl.lproj/SUAutomaticUpdateAlert.nib ... 
2019-07-14 20:00:12 +0000  12341 bytes for ./Contents/Frameworks/Sparkle.framework/Versions/A/Resources/sl.lproj/SUAutomaticUpdateAlert.nib
2019-07-14 20:00:12 +0000  copying file ./Contents/Frameworks/Sparkle.framework/Versions/A/Resources/sl.lproj/SUUpdatePermissionPrompt.nib ... 
2019-07-14 20:00:12 +0000  18560 bytes for ./Contents/Frameworks/Sparkle.framework/Versions/A/Resources/sl.lproj/SUUpdatePermissionPrompt.nib
2019-07-14 20:00:12 +0000  copying file ./Contents/Frameworks/Sparkle.framework/Versions/A/Resources/sl.lproj/SUUpdateAlert.nib ... 
2019-07-14 20:00:12 +0000  21737 bytes for ./Contents/Frameworks/Sparkle.framework/Versions/A/Resources/sl.lproj/SUUpdateAlert.nib
2019-07-14 20:00:12 +0000  copying file ./Contents/Frameworks/Sparkle.framework/Versions/A/Resources/pt_BR.lproj/Sparkle.strings ... 
2019-07-14 20:00:12 +0000  9280 bytes for ./Contents/Frameworks/Sparkle.framework/Versions/A/Resources/pt_BR.lproj/Sparkle.strings
2019-07-14 20:00:12 +0000  copying file ./Contents/Frameworks/Sparkle.framework/Versions/A/Resources/pt_BR.lproj/SUAutomaticUpdateAlert.nib ... 
2019-07-14 20:00:12 +0000  12379 bytes for ./Contents/Frameworks/Sparkle.framework/Versions/A/Resources/pt_BR.lproj/SUAutomaticUpdateAlert.nib
copying file ./Contents/Frameworks/Sparkle.framework/Versions/A/Resources/pt_BR.lproj/SUUpdatePermissionPrompt.nib ... 
2019-07-14 20:00:12 +0000  18655 bytes for ./Contents/Frameworks/Sparkle.framework/Versions/A/Resources/pt_BR.lproj/SUUpdatePermissionPrompt.nib
2019-07-14 20:00:12 +0000  copying file ./Contents/Frameworks/Sparkle.framework/Versions/A/Resources/pt_BR.lproj/SUUpdateAlert.nib ... 
2019-07-14 20:00:12 +0000  21819 bytes for ./Contents/Frameworks/Sparkle.framework/Versions/A/Resources/pt_BR.lproj/SUUpdateAlert.nib
2019-07-14 20:00:12 +0000  copying file ./Contents/Frameworks/Sparkle.framework/Versions/A/Resources/da.lproj/Sparkle.strings ... 
2019-07-14 20:00:12 +0000  7990 bytes for ./Contents/Frameworks/Sparkle.framework/Versions/A/Resources/da.lproj/Sparkle.strings
copying file ./Contents/Frameworks/Sparkle.framework/Versions/A/Resources/da.lproj/SUAutomaticUpdateAlert.nib ... 
12308 bytes for ./Contents/Frameworks/Sparkle.framework/Versions/A/Resources/da.lproj/SUAutomaticUpdateAlert.nib
copying file ./Contents/Frameworks/Sparkle.framework/Versions/A/Resources/da.lproj/SUUpdatePermissionPrompt.nib ... 
2019-07-14 20:00:12 +0000  18402 bytes for ./Contents/Frameworks/Sparkle.framework/Versions/A/Resources/da.lproj/SUUpdatePermissionPrompt.nib
2019-07-14 20:00:12 +0000  copying file ./Contents/Frameworks/Sparkle.framework/Versions/A/Resources/da.lproj/SUUpdateAlert.nib ... 
2019-07-14 20:00:12 +0000  21668 bytes for ./Contents/Frameworks/Sparkle.framework/Versions/A/Resources/da.lproj/SUUpdateAlert.nib
copying file ./Contents/Frameworks/Sparkle.framework/Versions/A/Resources/it.lproj/Sparkle.strings ... 
2019-07-14 20:00:12 +0000  7920 bytes for ./Contents/Frameworks/Sparkle.framework/Versions/A/Resources/it.lproj/Sparkle.strings
copying file ./Contents/Frameworks/Sparkle.framework/Versions/A/Resources/it.lproj/SUAutomaticUpdateAlert.nib ... 
2019-07-14 20:00:12 +0000  12311 bytes for ./Contents/Frameworks/Sparkle.framework/Versions/A/Resources/it.lproj/SUAutomaticUpdateAlert.nib
2019-07-14 20:00:12 +0000  copying file ./Contents/Frameworks/Sparkle.framework/Versions/A/Resources/it.lproj/SUUpdatePermissionPrompt.nib ... 
2019-07-14 20:00:12 +0000  18580 bytes for ./Contents/Frameworks/Sparkle.framework/Versions/A/Resources/it.lproj/SUUpdatePermissionPrompt.nib
2019-07-14 20:00:12 +0000  copying file ./Contents/Frameworks/Sparkle.framework/Versions/A/Resources/it.lproj/SUUpdateAlert.nib ... 
2019-07-14 20:00:12 +0000  21699 bytes for ./Contents/Frameworks/Sparkle.framework/Versions/A/Resources/it.lproj/SUUpdateAlert.nib
2019-07-14 20:00:12 +0000  copying file ./Contents/Frameworks/Sparkle.framework/Versions/A/Resources/sk.lproj/Sparkle.strings ... 
2019-07-14 20:00:12 +0000  7168 bytes for ./Contents/Frameworks/Sparkle.framework/Versions/A/Resources/sk.lproj/Sparkle.strings
copying file ./Contents/Frameworks/Sparkle.framework/Versions/A/Resources/sk.lproj/SUAutomaticUpdateAlert.nib ... 
2019-07-14 20:00:12 +0000  12431 bytes for ./Contents/Frameworks/Sparkle.framework/Versions/A/Resources/sk.lproj/SUAutomaticUpdateAlert.nib
copying file ./Contents/Frameworks/Sparkle.framework/Versions/A/Resources/sk.lproj/SUUpdatePermissionPrompt.nib ... 
2019-07-14 20:00:12 +0000  18641 bytes for ./Contents/Frameworks/Sparkle.framework/Versions/A/Resources/sk.lproj/SUUpdatePermissionPrompt.nib
copying file ./Contents/Frameworks/Sparkle.framework/Versions/A/Resources/sk.lproj/SUUpdateAlert.nib ... 
2019-07-14 20:00:12 +0000  21825 bytes for ./Contents/Frameworks/Sparkle.framework/Versions/A/Resources/sk.lproj/SUUpdateAlert.nib
2019-07-14 20:00:12 +0000  copying file ./Contents/Frameworks/Sparkle.framework/Versions/A/Resources/pt_PT.lproj/Sparkle.strings ... 
2019-07-14 20:00:12 +0000  7434 bytes for ./Contents/Frameworks/Sparkle.framework/Versions/A/Resources/pt_PT.lproj/Sparkle.strings
2019-07-14 20:00:12 +0000  copying file ./Contents/Frameworks/Sparkle.framework/Versions/A/Resources/pt_PT.lproj/SUAutomaticUpdateAlert.nib ... 
2019-07-14 20:00:12 +0000  12385 bytes for ./Contents/Frameworks/Sparkle.framework/Versions/A/Resources/pt_PT.lproj/SUAutomaticUpdateAlert.nib
2019-07-14 20:00:12 +0000  copying file ./Contents/Frameworks/Sparkle.framework/Versions/A/Resources/pt_PT.lproj/SUUpdatePermissionPrompt.nib ... 
2019-07-14 20:00:12 +0000  18695 bytes for ./Contents/Frameworks/Sparkle.framework/Versions/A/Resources/pt_PT.lproj/SUUpdatePermissionPrompt.nib
2019-07-14 20:00:12 +0000  copying file ./Contents/Frameworks/Sparkle.framework/Versions/A/Resources/pt_PT.lproj/SUUpdateAlert.nib ... 
2019-07-14 20:00:12 +0000  21839 bytes for ./Contents/Frameworks/Sparkle.framework/Versions/A/Resources/pt_PT.lproj/SUUpdateAlert.nib
2019-07-14 20:00:12 +0000  copying file ./Contents/Frameworks/Sparkle.framework/Versions/A/Resources/sv.lproj/Sparkle.strings ... 
2019-07-14 20:00:12 +0000  7406 bytes for ./Contents/Frameworks/Sparkle.framework/Versions/A/Resources/sv.lproj/Sparkle.strings
2019-07-14 20:00:12 +0000  copying file ./Contents/Frameworks/Sparkle.framework/Versions/A/Resources/sv.lproj/SUAutomaticUpdateAlert.nib ... 
2019-07-14 20:00:12 +0000  12390 bytes for ./Contents/Frameworks/Sparkle.framework/Versions/A/Resources/sv.lproj/SUAutomaticUpdateAlert.nib
2019-07-14 20:00:12 +0000  copying file ./Contents/Frameworks/Sparkle.framework/Versions/A/Resources/sv.lproj/SUUpdatePermissionPrompt.nib ... 
2019-07-14 20:00:12 +0000  18556 bytes for ./Contents/Frameworks/Sparkle.framework/Versions/A/Resources/sv.lproj/SUUpdatePermissionPrompt.nib
copying file ./Contents/Frameworks/Sparkle.framework/Versions/A/Resources/sv.lproj/SUUpdateAlert.nib ... 
2019-07-14 20:00:12 +0000  21799 bytes for ./Contents/Frameworks/Sparkle.framework/Versions/A/Resources/sv.lproj/SUUpdateAlert.nib
2019-07-14 20:00:12 +0000  copying file ./Contents/Frameworks/Sparkle.framework/Versions/A/Resources/DarkAqua.css ... 
2019-07-14 20:00:12 +0000  98 bytes for ./Contents/Frameworks/Sparkle.framework/Versions/A/Resources/DarkAqua.css
2019-07-14 20:00:12 +0000  copying file ./Contents/Frameworks/Sparkle.framework/Versions/A/Resources/cs.lproj/Sparkle.strings ... 
2019-07-14 20:00:12 +0000  7434 bytes for ./Contents/Frameworks/Sparkle.framework/Versions/A/Resources/cs.lproj/Sparkle.strings
copying file ./Contents/Frameworks/Sparkle.framework/Versions/A/Resources/cs.lproj/SUAutomaticUpdateAlert.nib ... 
2019-07-14 20:00:12 +0000  12399 bytes for ./Contents/Frameworks/Sparkle.framework/Versions/A/Resources/cs.lproj/SUAutomaticUpdateAlert.nib
copying file ./Contents/Frameworks/Sparkle.framework/Versions/A/Resources/cs.lproj/SUUpdatePermissionPrompt.nib ... 
2019-07-14 20:00:12 +0000  18613 bytes for ./Contents/Frameworks/Sparkle.framework/Versions/A/Resources/cs.lproj/SUUpdatePermissionPrompt.nib
copying file ./Contents/Frameworks/Sparkle.framework/Versions/A/Resources/cs.lproj/SUUpdateAlert.nib ... 
2019-07-14 20:00:12 +0000  21789 bytes for ./Contents/Frameworks/Sparkle.framework/Versions/A/Resources/cs.lproj/SUUpdateAlert.nib
2019-07-14 20:00:12 +0000  copying file ./Contents/Frameworks/Sparkle.framework/Versions/A/Resources/ko.lproj/Sparkle.strings ... 
2019-07-14 20:00:12 +0000  5868 bytes for ./Contents/Frameworks/Sparkle.framework/Versions/A/Resources/ko.lproj/Sparkle.strings
2019-07-14 20:00:12 +0000  copying file ./Contents/Frameworks/Sparkle.framework/Versions/A/Resources/ko.lproj/SUAutomaticUpdateAlert.nib ... 
2019-07-14 20:00:12 +0000  12283 bytes for ./Contents/Frameworks/Sparkle.framework/Versions/A/Resources/ko.lproj/SUAutomaticUpdateAlert.nib
2019-07-14 20:00:12 +0000  copying file ./Contents/Frameworks/Sparkle.framework/Versions/A/Resources/ko.lproj/SUUpdatePermissionPrompt.nib ... 
2019-07-14 20:00:12 +0000  18280 bytes for ./Contents/Frameworks/Sparkle.framework/Versions/A/Resources/ko.lproj/SUUpdatePermissionPrompt.nib
2019-07-14 20:00:12 +0000  copying file ./Contents/Frameworks/Sparkle.framework/Versions/A/Resources/ko.lproj/SUUpdateAlert.nib ... 
2019-07-14 20:00:12 +0000  21633 bytes for ./Contents/Frameworks/Sparkle.framework/Versions/A/Resources/ko.lproj/SUUpdateAlert.nib
2019-07-14 20:00:12 +0000  copying file ./Contents/Frameworks/Sparkle.framework/Versions/A/Resources/hu.lproj/Sparkle.strings ... 
2019-07-14 20:00:12 +0000  9600 bytes for ./Contents/Frameworks/Sparkle.framework/Versions/A/Resources/hu.lproj/Sparkle.strings
copying file ./Contents/Frameworks/Sparkle.framework/Versions/A/Resources/hu.lproj/SUAutomaticUpdateAlert.nib ... 
2019-07-14 20:00:12 +0000  12453 bytes for ./Contents/Frameworks/Sparkle.framework/Versions/A/Resources/hu.lproj/SUAutomaticUpdateAlert.nib
copying file ./Contents/Frameworks/Sparkle.framework/Versions/A/Resources/hu.lproj/SUUpdatePermissionPrompt.nib ... 
2019-07-14 20:00:12 +0000  18453 bytes for ./Contents/Frameworks/Sparkle.framework/Versions/A/Resources/hu.lproj/SUUpdatePermissionPrompt.nib
copying file ./Contents/Frameworks/Sparkle.framework/Versions/A/Resources/hu.lproj/SUUpdateAlert.nib ... 
21867 bytes for ./Contents/Frameworks/Sparkle.framework/Versions/A/Resources/hu.lproj/SUUpdateAlert.nib
copying file ./Contents/Frameworks/Sparkle.framework/Versions/A/Resources/tr.lproj/Sparkle.strings ... 
9246 bytes for ./Contents/Frameworks/Sparkle.framework/Versions/A/Resources/tr.lproj/Sparkle.strings
copying file ./Contents/Frameworks/Sparkle.framework/Versions/A/Resources/tr.lproj/SUAutomaticUpdateAlert.nib ... 
2019-07-14 20:00:12 +0000  12415 bytes for ./Contents/Frameworks/Sparkle.framework/Versions/A/Resources/tr.lproj/SUAutomaticUpdateAlert.nib
copying file ./Contents/Frameworks/Sparkle.framework/Versions/A/Resources/tr.lproj/SUUpdatePermissionPrompt.nib ... 
2019-07-14 20:00:12 +0000  18600 bytes for ./Contents/Frameworks/Sparkle.framework/Versions/A/Resources/tr.lproj/SUUpdatePermissionPrompt.nib
copying file ./Contents/Frameworks/Sparkle.framework/Versions/A/Resources/tr.lproj/SUUpdateAlert.nib ... 
2019-07-14 20:00:12 +0000  21747 bytes for ./Contents/Frameworks/Sparkle.framework/Versions/A/Resources/tr.lproj/SUUpdateAlert.nib
copying file ./Contents/Frameworks/Sparkle.framework/Versions/A/Resources/pl.lproj/Sparkle.strings ... 
2019-07-14 20:00:12 +0000  8140 bytes for ./Contents/Frameworks/Sparkle.framework/Versions/A/Resources/pl.lproj/Sparkle.strings
copying file ./Contents/Frameworks/Sparkle.framework/Versions/A/Resources/pl.lproj/SUAutomaticUpdateAlert.nib ... 
2019-07-14 20:00:12 +0000  12402 bytes for ./Contents/Frameworks/Sparkle.framework/Versions/A/Resources/pl.lproj/SUAutomaticUpdateAlert.nib
2019-07-14 20:00:12 +0000  copying file ./Contents/Frameworks/Sparkle.framework/Versions/A/Resources/pl.lproj/SUUpdatePermissionPrompt.nib ... 
2019-07-14 20:00:12 +0000  18427 bytes for ./Contents/Frameworks/Sparkle.framework/Versions/A/Resources/pl.lproj/SUUpdatePermissionPrompt.nib
2019-07-14 20:00:12 +0000  copying file ./Contents/Frameworks/Sparkle.framework/Versions/A/Resources/pl.lproj/SUUpdateAlert.nib ... 
2019-07-14 20:00:12 +0000  21778 bytes for ./Contents/Frameworks/Sparkle.framework/Versions/A/Resources/pl.lproj/SUUpdateAlert.nib
2019-07-14 20:00:12 +0000  copying file ./Contents/Frameworks/Sparkle.framework/Versions/A/Resources/zh_TW.lproj/Sparkle.strings ... 
5410 bytes for ./Contents/Frameworks/Sparkle.framework/Versions/A/Resources/zh_TW.lproj/Sparkle.strings
copying file ./Contents/Frameworks/Sparkle.framework/Versions/A/Resources/zh_TW.lproj/SUAutomaticUpdateAlert.nib ... 
2019-07-14 20:00:12 +0000  12255 bytes for ./Contents/Frameworks/Sparkle.framework/Versions/A/Resources/zh_TW.lproj/SUAutomaticUpdateAlert.nib
copying file ./Contents/Frameworks/Sparkle.framework/Versions/A/Resources/zh_TW.lproj/SUUpdatePermissionPrompt.nib ... 
2019-07-14 20:00:12 +0000  18209 bytes for ./Contents/Frameworks/Sparkle.framework/Versions/A/Resources/zh_TW.lproj/SUUpdatePermissionPrompt.nib
copying file ./Contents/Frameworks/Sparkle.framework/Versions/A/Resources/zh_TW.lproj/SUUpdateAlert.nib ... 
2019-07-14 20:00:12 +0000  21594 bytes for ./Contents/Frameworks/Sparkle.framework/Versions/A/Resources/zh_TW.lproj/SUUpdateAlert.nib
2019-07-14 20:00:12 +0000  copying file ./Contents/Frameworks/Sparkle.framework/Versions/A/Resources/Autoupdate.app/Contents/MacOS/fileop ... 
2019-07-14 20:00:12 +0000  89836 bytes for ./Contents/Frameworks/Sparkle.framework/Versions/A/Resources/Autoupdate.app/Contents/MacOS/fileop
2019-07-14 20:00:12 +0000  copying file ./Contents/Frameworks/Sparkle.framework/Versions/A/Resources/Autoupdate.app/Contents/MacOS/Autoupdate ... 
2019-07-14 20:00:12 +0000  193884 bytes for ./Contents/Frameworks/Sparkle.framework/Versions/A/Resources/Autoupdate.app/Contents/MacOS/Autoupdate
2019-07-14 20:00:12 +0000  copying file ./Contents/Frameworks/Sparkle.framework/Versions/A/Resources/Autoupdate.app/Contents/Resources/de.lproj/Sparkle.strings ... 
2019-07-14 20:00:13 +0000  8874 bytes for ./Contents/Frameworks/Sparkle.framework/Versions/A/Resources/Autoupdate.app/Contents/Resources/de.lproj/Sparkle.strings
copying file ./Contents/Frameworks/Sparkle.framework/Versions/A/Resources/Autoupdate.app/Contents/Resources/he.lproj/Sparkle.strings ... 
4936 bytes for ./Contents/Frameworks/Sparkle.framework/Versions/A/Resources/Autoupdate.app/Contents/Resources/he.lproj/Sparkle.strings
2019-07-14 20:00:13 +0000  copying file ./Contents/Frameworks/Sparkle.framework/Versions/A/Resources/Autoupdate.app/Contents/Resources/ar.lproj/Sparkle.strings ... 
2019-07-14 20:00:13 +0000  8070 bytes for ./Contents/Frameworks/Sparkle.framework/Versions/A/Resources/Autoupdate.app/Contents/Resources/ar.lproj/Sparkle.strings
2019-07-14 20:00:13 +0000  copying file ./Contents/Frameworks/Sparkle.framework/Versions/A/Resources/Autoupdate.app/Contents/Resources/el.lproj/Sparkle.strings ... 
2019-07-14 20:00:13 +0000  7332 bytes for ./Contents/Frameworks/Sparkle.framework/Versions/A/Resources/Autoupdate.app/Contents/Resources/el.lproj/Sparkle.strings
2019-07-14 20:00:13 +0000  copying file ./Contents/Frameworks/Sparkle.framework/Versions/A/Resources/Autoupdate.app/Contents/Resources/ja.lproj/Sparkle.strings ... 
2019-07-14 20:00:13 +0000  7718 bytes for ./Contents/Frameworks/Sparkle.framework/Versions/A/Resources/Autoupdate.app/Contents/Resources/ja.lproj/Sparkle.strings
2019-07-14 20:00:13 +0000  copying file ./Contents/Frameworks/Sparkle.framework/Versions/A/Resources/Autoupdate.app/Contents/Resources/en.lproj/Sparkle.strings ... 
2019-07-14 20:00:13 +0000  9096 bytes for ./Contents/Frameworks/Sparkle.framework/Versions/A/Resources/Autoupdate.app/Contents/Resources/en.lproj/Sparkle.strings
copying file ./Contents/Frameworks/Sparkle.framework/Versions/A/Resources/Autoupdate.app/Contents/Resources/uk.lproj/Sparkle.strings ... 
2019-07-14 20:00:13 +0000  7466 bytes for ./Contents/Frameworks/Sparkle.framework/Versions/A/Resources/Autoupdate.app/Contents/Resources/uk.lproj/Sparkle.strings
2019-07-14 20:00:13 +0000  copying file ./Contents/Frameworks/Sparkle.framework/Versions/A/Resources/Autoupdate.app/Contents/Resources/zh_CN.lproj/Sparkle.strings ... 
2019-07-14 20:00:13 +0000  5484 bytes for ./Contents/Frameworks/Sparkle.framework/Versions/A/Resources/Autoupdate.app/Contents/Resources/zh_CN.lproj/Sparkle.strings
copying file ./Contents/Frameworks/Sparkle.framework/Versions/A/Resources/Autoupdate.app/Contents/Resources/nb.lproj/Sparkle.strings ... 
2019-07-14 20:00:13 +0000  8998 bytes for ./Contents/Frameworks/Sparkle.framework/Versions/A/Resources/Autoupdate.app/Contents/Resources/nb.lproj/Sparkle.strings
2019-07-14 20:00:13 +0000  copying file ./Contents/Frameworks/Sparkle.framework/Versions/A/Resources/Autoupdate.app/Contents/Resources/es.lproj/Sparkle.strings ... 
2019-07-14 20:00:13 +0000  9640 bytes for ./Contents/Frameworks/Sparkle.framework/Versions/A/Resources/Autoupdate.app/Contents/Resources/es.lproj/Sparkle.strings
2019-07-14 20:00:13 +0000  copying file ./Contents/Frameworks/Sparkle.framework/Versions/A/Resources/Autoupdate.app/Contents/Resources/is.lproj/Sparkle.strings ... 
2019-07-14 20:00:13 +0000  5478 bytes for ./Contents/Frameworks/Sparkle.framework/Versions/A/Resources/Autoupdate.app/Contents/Resources/is.lproj/Sparkle.strings
copying file ./Contents/Frameworks/Sparkle.framework/Versions/A/Resources/Autoupdate.app/Contents/Resources/sl.lproj/Sparkle.strings ... 
2019-07-14 20:00:13 +0000  7562 bytes for ./Contents/Frameworks/Sparkle.framework/Versions/A/Resources/Autoupdate.app/Contents/Resources/sl.lproj/Sparkle.strings
2019-07-14 20:00:13 +0000  copying file ./Contents/Frameworks/Sparkle.framework/Versions/A/Resources/Autoupdate.app/Contents/Resources/pt_BR.lproj/Sparkle.strings ... 
2019-07-14 20:00:13 +0000  9280 bytes for ./Contents/Frameworks/Sparkle.framework/Versions/A/Resources/Autoupdate.app/Contents/Resources/pt_BR.lproj/Sparkle.strings
2019-07-14 20:00:13 +0000  copying file ./Contents/Frameworks/Sparkle.framework/Versions/A/Resources/Autoupdate.app/Contents/Resources/da.lproj/Sparkle.strings ... 
2019-07-14 20:00:13 +0000  7990 bytes for ./Contents/Frameworks/Sparkle.framework/Versions/A/Resources/Autoupdate.app/Contents/Resources/da.lproj/Sparkle.strings
2019-07-14 20:00:13 +0000  copying file ./Contents/Frameworks/Sparkle.framework/Versions/A/Resources/Autoupdate.app/Contents/Resources/it.lproj/Sparkle.strings ... 
2019-07-14 20:00:13 +0000  7920 bytes for ./Contents/Frameworks/Sparkle.framework/Versions/A/Resources/Autoupdate.app/Contents/Resources/it.lproj/Sparkle.strings
copying file ./Contents/Frameworks/Sparkle.framework/Versions/A/Resources/Autoupdate.app/Contents/Resources/sk.lproj/Sparkle.strings ... 
2019-07-14 20:00:13 +0000  7168 bytes for ./Contents/Frameworks/Sparkle.framework/Versions/A/Resources/Autoupdate.app/Contents/Resources/sk.lproj/Sparkle.strings
2019-07-14 20:00:13 +0000  copying file ./Contents/Frameworks/Sparkle.framework/Versions/A/Resources/Autoupdate.app/Contents/Resources/pt_PT.lproj/Sparkle.strings ... 
2019-07-14 20:00:13 +0000  7434 bytes for ./Contents/Frameworks/Sparkle.framework/Versions/A/Resources/Autoupdate.app/Contents/Resources/pt_PT.lproj/Sparkle.strings
2019-07-14 20:00:13 +0000  copying file ./Contents/Frameworks/Sparkle.framework/Versions/A/Resources/Autoupdate.app/Contents/Resources/sv.lproj/Sparkle.strings ... 
2019-07-14 20:00:13 +0000  7406 bytes for ./Contents/Frameworks/Sparkle.framework/Versions/A/Resources/Autoupdate.app/Contents/Resources/sv.lproj/Sparkle.strings
2019-07-14 20:00:13 +0000  copying file ./Contents/Frameworks/Sparkle.framework/Versions/A/Resources/Autoupdate.app/Contents/Resources/cs.lproj/Sparkle.strings ... 
2019-07-14 20:00:13 +0000  7434 bytes for ./Contents/Frameworks/Sparkle.framework/Versions/A/Resources/Autoupdate.app/Contents/Resources/cs.lproj/Sparkle.strings
2019-07-14 20:00:13 +0000  copying file ./Contents/Frameworks/Sparkle.framework/Versions/A/Resources/Autoupdate.app/Contents/Resources/AppIcon.icns ... 
2019-07-14 20:00:13 +0000  37132 bytes for ./Contents/Frameworks/Sparkle.framework/Versions/A/Resources/Autoupdate.app/Contents/Resources/AppIcon.icns
2019-07-14 20:00:13 +0000  copying file ./Contents/Frameworks/Sparkle.framework/Versions/A/Resources/Autoupdate.app/Contents/Resources/ko.lproj/Sparkle.strings ... 
2019-07-14 20:00:13 +0000  5868 bytes for ./Contents/Frameworks/Sparkle.framework/Versions/A/Resources/Autoupdate.app/Contents/Resources/ko.lproj/Sparkle.strings
2019-07-14 20:00:13 +0000  copying file ./Contents/Frameworks/Sparkle.framework/Versions/A/Resources/Autoupdate.app/Contents/Resources/hu.lproj/Sparkle.strings ... 
2019-07-14 20:00:13 +0000  9600 bytes for ./Contents/Frameworks/Sparkle.framework/Versions/A/Resources/Autoupdate.app/Contents/Resources/hu.lproj/Sparkle.strings
copying file ./Contents/Frameworks/Sparkle.framework/Versions/A/Resources/Autoupdate.app/Contents/Resources/tr.lproj/Sparkle.strings ... 
2019-07-14 20:00:13 +0000  9246 bytes for ./Contents/Frameworks/Sparkle.framework/Versions/A/Resources/Autoupdate.app/Contents/Resources/tr.lproj/Sparkle.strings
2019-07-14 20:00:13 +0000  copying file ./Contents/Frameworks/Sparkle.framework/Versions/A/Resources/Autoupdate.app/Contents/Resources/pl.lproj/Sparkle.strings ... 
2019-07-14 20:00:13 +0000  8140 bytes for ./Contents/Frameworks/Sparkle.framework/Versions/A/Resources/Autoupdate.app/Contents/Resources/pl.lproj/Sparkle.strings
copying file ./Contents/Frameworks/Sparkle.framework/Versions/A/Resources/Autoupdate.app/Contents/Resources/zh_TW.lproj/Sparkle.strings ... 
2019-07-14 20:00:13 +0000  5410 bytes for ./Contents/Frameworks/Sparkle.framework/Versions/A/Resources/Autoupdate.app/Contents/Resources/zh_TW.lproj/Sparkle.strings
2019-07-14 20:00:13 +0000  copying file ./Contents/Frameworks/Sparkle.framework/Versions/A/Resources/Autoupdate.app/Contents/Resources/ru.lproj/Sparkle.strings ... 
2019-07-14 20:00:13 +0000  7446 bytes for ./Contents/Frameworks/Sparkle.framework/Versions/A/Resources/Autoupdate.app/Contents/Resources/ru.lproj/Sparkle.strings
copying file ./Contents/Frameworks/Sparkle.framework/Versions/A/Resources/Autoupdate.app/Contents/Resources/SUStatus.nib ... 
2019-07-14 20:00:13 +0000  11698 bytes for ./Contents/Frameworks/Sparkle.framework/Versions/A/Resources/Autoupdate.app/Contents/Resources/SUStatus.nib
2019-07-14 20:00:13 +0000  copying file ./Contents/Frameworks/Sparkle.framework/Versions/A/Resources/Autoupdate.app/Contents/Resources/fr.lproj/Sparkle.strings ... 
2019-07-14 20:00:13 +0000  8964 bytes for ./Contents/Frameworks/Sparkle.framework/Versions/A/Resources/Autoupdate.app/Contents/Resources/fr.lproj/Sparkle.strings
copying file ./Contents/Frameworks/Sparkle.framework/Versions/A/Resources/Autoupdate.app/Contents/Resources/fi.lproj/Sparkle.strings ... 
2019-07-14 20:00:13 +0000  5814 bytes for ./Contents/Frameworks/Sparkle.framework/Versions/A/Resources/Autoupdate.app/Contents/Resources/fi.lproj/Sparkle.strings
2019-07-14 20:00:13 +0000  copying file ./Contents/Frameworks/Sparkle.framework/Versions/A/Resources/Autoupdate.app/Contents/Resources/nl.lproj/Sparkle.strings ... 
2019-07-14 20:00:13 +0000  8466 bytes for ./Contents/Frameworks/Sparkle.framework/Versions/A/Resources/Autoupdate.app/Contents/Resources/nl.lproj/Sparkle.strings
2019-07-14 20:00:13 +0000  copying file ./Contents/Frameworks/Sparkle.framework/Versions/A/Resources/Autoupdate.app/Contents/Resources/th.lproj/Sparkle.strings ... 
2019-07-14 20:00:13 +0000  8118 bytes for ./Contents/Frameworks/Sparkle.framework/Versions/A/Resources/Autoupdate.app/Contents/Resources/th.lproj/Sparkle.strings
copying file ./Contents/Frameworks/Sparkle.framework/Versions/A/Resources/Autoupdate.app/Contents/Resources/ro.lproj/Sparkle.strings ... 
2019-07-14 20:00:13 +0000  9412 bytes for ./Contents/Frameworks/Sparkle.framework/Versions/A/Resources/Autoupdate.app/Contents/Resources/ro.lproj/Sparkle.strings
copying file ./Contents/Frameworks/Sparkle.framework/Versions/A/Resources/Autoupdate.app/Contents/Resources/hr.lproj/Sparkle.strings ... 
2019-07-14 20:00:13 +0000  9352 bytes for ./Contents/Frameworks/Sparkle.framework/Versions/A/Resources/Autoupdate.app/Contents/Resources/hr.lproj/Sparkle.strings
2019-07-14 20:00:13 +0000  copying file ./Contents/Frameworks/Sparkle.framework/Versions/A/Resources/Autoupdate.app/Contents/Resources/ca.lproj/Sparkle.strings ... 
2019-07-14 20:00:13 +0000  6310 bytes for ./Contents/Frameworks/Sparkle.framework/Versions/A/Resources/Autoupdate.app/Contents/Resources/ca.lproj/Sparkle.strings
copying file ./Contents/Frameworks/Sparkle.framework/Versions/A/Resources/Autoupdate.app/Contents/Info.plist ... 
2019-07-14 20:00:13 +0000  1538 bytes for ./Contents/Frameworks/Sparkle.framework/Versions/A/Resources/Autoupdate.app/Contents/Info.plist
copying file ./Contents/Frameworks/Sparkle.framework/Versions/A/Resources/Autoupdate.app/Contents/PkgInfo ... 
2019-07-14 20:00:13 +0000  8 bytes for ./Contents/Frameworks/Sparkle.framework/Versions/A/Resources/Autoupdate.app/Contents/PkgInfo
2019-07-14 20:00:13 +0000  copying file ./Contents/Frameworks/Sparkle.framework/Versions/A/Resources/ru.lproj/Sparkle.strings ... 
2019-07-14 20:00:13 +0000  7446 bytes for ./Contents/Frameworks/Sparkle.framework/Versions/A/Resources/ru.lproj/Sparkle.strings
copying file ./Contents/Frameworks/Sparkle.framework/Versions/A/Resources/ru.lproj/SUAutomaticUpdateAlert.nib ... 
2019-07-14 20:00:13 +0000  12453 bytes for ./Contents/Frameworks/Sparkle.framework/Versions/A/Resources/ru.lproj/SUAutomaticUpdateAlert.nib
copying file ./Contents/Frameworks/Sparkle.framework/Versions/A/Resources/ru.lproj/SUUpdatePermissionPrompt.nib ... 
2019-07-14 20:00:13 +0000  18729 bytes for ./Contents/Frameworks/Sparkle.framework/Versions/A/Resources/ru.lproj/SUUpdatePermissionPrompt.nib
2019-07-14 20:00:13 +0000  copying file ./Contents/Frameworks/Sparkle.framework/Versions/A/Resources/ru.lproj/SUUpdateAlert.nib ... 
2019-07-14 20:00:13 +0000  21873 bytes for ./Contents/Frameworks/Sparkle.framework/Versions/A/Resources/ru.lproj/SUUpdateAlert.nib
copying file ./Contents/Frameworks/Sparkle.framework/Versions/A/Resources/SUStatus.nib ... 
2019-07-14 20:00:13 +0000  11698 bytes for ./Contents/Frameworks/Sparkle.framework/Versions/A/Resources/SUStatus.nib
2019-07-14 20:00:13 +0000  copying symlink ./Contents/Frameworks/Sparkle.framework/Versions/A/Resources/fr_CA.lproj ... 
2019-07-14 20:00:13 +0000  linked ./Contents/Frameworks/Sparkle.framework/Versions/A/Resources/fr_CA.lproj
2019-07-14 20:00:13 +0000  copying file ./Contents/Frameworks/Sparkle.framework/Versions/A/Resources/fr.lproj/Sparkle.strings ... 
2019-07-14 20:00:13 +0000  8964 bytes for ./Contents/Frameworks/Sparkle.framework/Versions/A/Resources/fr.lproj/Sparkle.strings
copying file ./Contents/Frameworks/Sparkle.framework/Versions/A/Resources/fr.lproj/SUAutomaticUpdateAlert.nib ... 
2019-07-14 20:00:13 +0000  12364 bytes for ./Contents/Frameworks/Sparkle.framework/Versions/A/Resources/fr.lproj/SUAutomaticUpdateAlert.nib
copying file ./Contents/Frameworks/Sparkle.framework/Versions/A/Resources/fr.lproj/SUUpdatePermissionPrompt.nib ... 
2019-07-14 20:00:13 +0000  18723 bytes for ./Contents/Frameworks/Sparkle.framework/Versions/A/Resources/fr.lproj/SUUpdatePermissionPrompt.nib
copying file ./Contents/Frameworks/Sparkle.framework/Versions/A/Resources/fr.lproj/SUUpdateAlert.nib ... 
2019-07-14 20:00:13 +0000  21761 bytes for ./Contents/Frameworks/Sparkle.framework/Versions/A/Resources/fr.lproj/SUUpdateAlert.nib
copying file ./Contents/Frameworks/Sparkle.framework/Versions/A/Resources/fi.lproj/Sparkle.strings ... 
2019-07-14 20:00:13 +0000  5814 bytes for ./Contents/Frameworks/Sparkle.framework/Versions/A/Resources/fi.lproj/Sparkle.strings
copying file ./Contents/Frameworks/Sparkle.framework/Versions/A/Resources/fi.lproj/SUAutomaticUpdateAlert.nib ... 
2019-07-14 20:00:13 +0000  12451 bytes for ./Contents/Frameworks/Sparkle.framework/Versions/A/Resources/fi.lproj/SUAutomaticUpdateAlert.nib
copying file ./Contents/Frameworks/Sparkle.framework/Versions/A/Resources/fi.lproj/SUUpdatePermissionPrompt.nib ... 
2019-07-14 20:00:13 +0000  18453 bytes for ./Contents/Frameworks/Sparkle.framework/Versions/A/Resources/fi.lproj/SUUpdatePermissionPrompt.nib
copying file ./Contents/Frameworks/Sparkle.framework/Versions/A/Resources/fi.lproj/SUUpdateAlert.nib ... 
2019-07-14 20:00:13 +0000  21812 bytes for ./Contents/Frameworks/Sparkle.framework/Versions/A/Resources/fi.lproj/SUUpdateAlert.nib
2019-07-14 20:00:13 +0000  copying file ./Contents/Frameworks/Sparkle.framework/Versions/A/Resources/nl.lproj/Sparkle.strings ... 
2019-07-14 20:00:13 +0000  8466 bytes for ./Contents/Frameworks/Sparkle.framework/Versions/A/Resources/nl.lproj/Sparkle.strings
copying file ./Contents/Frameworks/Sparkle.framework/Versions/A/Resources/nl.lproj/SUAutomaticUpdateAlert.nib ... 
2019-07-14 20:00:13 +0000  12323 bytes for ./Contents/Frameworks/Sparkle.framework/Versions/A/Resources/nl.lproj/SUAutomaticUpdateAlert.nib
2019-07-14 20:00:13 +0000  copying file ./Contents/Frameworks/Sparkle.framework/Versions/A/Resources/nl.lproj/SUUpdatePermissionPrompt.nib ... 
2019-07-14 20:00:13 +0000  18360 bytes for ./Contents/Frameworks/Sparkle.framework/Versions/A/Resources/nl.lproj/SUUpdatePermissionPrompt.nib
copying file ./Contents/Frameworks/Sparkle.framework/Versions/A/Resources/nl.lproj/SUUpdateAlert.nib ... 
2019-07-14 20:00:13 +0000  21672 bytes for ./Contents/Frameworks/Sparkle.framework/Versions/A/Resources/nl.lproj/SUUpdateAlert.nib
2019-07-14 20:00:13 +0000  copying file ./Contents/Frameworks/Sparkle.framework/Versions/A/Resources/th.lproj/Sparkle.strings ... 
2019-07-14 20:00:13 +0000  8118 bytes for ./Contents/Frameworks/Sparkle.framework/Versions/A/Resources/th.lproj/Sparkle.strings
copying file ./Contents/Frameworks/Sparkle.framework/Versions/A/Resources/th.lproj/SUAutomaticUpdateAlert.nib ... 
2019-07-14 20:00:13 +0000  12377 bytes for ./Contents/Frameworks/Sparkle.framework/Versions/A/Resources/th.lproj/SUAutomaticUpdateAlert.nib
2019-07-14 20:00:13 +0000  copying file ./Contents/Frameworks/Sparkle.framework/Versions/A/Resources/th.lproj/SUUpdatePermissionPrompt.nib ... 
2019-07-14 20:00:13 +0000  18475 bytes for ./Contents/Frameworks/Sparkle.framework/Versions/A/Resources/th.lproj/SUUpdatePermissionPrompt.nib
2019-07-14 20:00:13 +0000  copying file ./Contents/Frameworks/Sparkle.framework/Versions/A/Resources/th.lproj/SUUpdateAlert.nib ... 
2019-07-14 20:00:13 +0000  21742 bytes for ./Contents/Frameworks/Sparkle.framework/Versions/A/Resources/th.lproj/SUUpdateAlert.nib
copying symlink ./Contents/Frameworks/Sparkle.framework/Versions/A/Resources/pt.lproj ... 
2019-07-14 20:00:13 +0000  linked ./Contents/Frameworks/Sparkle.framework/Versions/A/Resources/pt.lproj
2019-07-14 20:00:13 +0000  copying file ./Contents/Frameworks/Sparkle.framework/Versions/A/Resources/ro.lproj/Sparkle.strings ... 
2019-07-14 20:00:13 +0000  9412 bytes for ./Contents/Frameworks/Sparkle.framework/Versions/A/Resources/ro.lproj/Sparkle.strings
copying file ./Contents/Frameworks/Sparkle.framework/Versions/A/Resources/ro.lproj/SUAutomaticUpdateAlert.nib ... 
12413 bytes for ./Contents/Frameworks/Sparkle.framework/Versions/A/Resources/ro.lproj/SUAutomaticUpdateAlert.nib
copying file ./Contents/Frameworks/Sparkle.framework/Versions/A/Resources/ro.lproj/SUUpdatePermissionPrompt.nib ... 
18413 bytes for ./Contents/Frameworks/Sparkle.framework/Versions/A/Resources/ro.lproj/SUUpdatePermissionPrompt.nib
copying file ./Contents/Frameworks/Sparkle.framework/Versions/A/Resources/ro.lproj/SUUpdateAlert.nib ... 
2019-07-14 20:00:13 +0000  21823 bytes for ./Contents/Frameworks/Sparkle.framework/Versions/A/Resources/ro.lproj/SUUpdateAlert.nib
copying file ./Contents/Frameworks/Sparkle.framework/Versions/A/Resources/Info.plist ... 
2019-07-14 20:00:13 +0000  1231 bytes for ./Contents/Frameworks/Sparkle.framework/Versions/A/Resources/Info.plist
2019-07-14 20:00:13 +0000  copying file ./Contents/Frameworks/Sparkle.framework/Versions/A/Resources/hr.lproj/Sparkle.strings ... 
2019-07-14 20:00:13 +0000  9352 bytes for ./Contents/Frameworks/Sparkle.framework/Versions/A/Resources/hr.lproj/Sparkle.strings
copying file ./Contents/Frameworks/Sparkle.framework/Versions/A/Resources/hr.lproj/SUAutomaticUpdateAlert.nib ... 
2019-07-14 20:00:13 +0000  12406 bytes for ./Contents/Frameworks/Sparkle.framework/Versions/A/Resources/hr.lproj/SUAutomaticUpdateAlert.nib
2019-07-14 20:00:13 +0000  copying file ./Contents/Frameworks/Sparkle.framework/Versions/A/Resources/hr.lproj/SUUpdatePermissionPrompt.nib ... 
2019-07-14 20:00:13 +0000  18454 bytes for ./Contents/Frameworks/Sparkle.framework/Versions/A/Resources/hr.lproj/SUUpdatePermissionPrompt.nib
copying file ./Contents/Frameworks/Sparkle.framework/Versions/A/Resources/hr.lproj/SUUpdateAlert.nib ... 
2019-07-14 20:00:13 +0000  21814 bytes for ./Contents/Frameworks/Sparkle.framework/Versions/A/Resources/hr.lproj/SUUpdateAlert.nib
2019-07-14 20:00:13 +0000  copying file ./Contents/Frameworks/Sparkle.framework/Versions/A/Resources/ca.lproj/Sparkle.strings ... 
6310 bytes for ./Contents/Frameworks/Sparkle.framework/Versions/A/Resources/ca.lproj/Sparkle.strings
copying file ./Contents/Frameworks/Sparkle.framework/Versions/A/Sparkle ... 
2019-07-14 20:00:13 +0000  652768 bytes for ./Contents/Frameworks/Sparkle.framework/Versions/A/Sparkle
2019-07-14 20:00:13 +0000  copying symlink ./Contents/Frameworks/Sparkle.framework/Versions/Current ... 
2019-07-14 20:00:13 +0000  linked ./Contents/Frameworks/Sparkle.framework/Versions/Current
copying symlink ./Contents/Frameworks/Sparkle.framework/Sparkle ... 
linked ./Contents/Frameworks/Sparkle.framework/Sparkle
2019-07-14 20:00:13 +0000  copying symlink ./Contents/Frameworks/Sentry.framework/Resources ... 
2019-07-14 20:00:13 +0000  linked ./Contents/Frameworks/Sentry.framework/Resources
2019-07-14 20:00:13 +0000  copying file ./Contents/Frameworks/Sentry.framework/Versions/A/_CodeSignature/CodeResources ... 
2019-07-14 20:00:13 +0000  2514 bytes for ./Contents/Frameworks/Sentry.framework/Versions/A/_CodeSignature/CodeResources
2019-07-14 20:00:13 +0000  copying file ./Contents/Frameworks/Sentry.framework/Versions/A/Resources/Info.plist ... 
2019-07-14 20:00:13 +0000  1218 bytes for ./Contents/Frameworks/Sentry.framework/Versions/A/Resources/Info.plist
2019-07-14 20:00:13 +0000  copying file ./Contents/Frameworks/Sentry.framework/Versions/A/Sentry ... 
2019-07-14 20:00:13 +0000  685808 bytes for ./Contents/Frameworks/Sentry.framework/Versions/A/Sentry
2019-07-14 20:00:13 +0000  copying symlink ./Contents/Frameworks/Sentry.framework/Versions/Current ... 
linked ./Contents/Frameworks/Sentry.framework/Versions/Current
2019-07-14 20:00:13 +0000  copying symlink ./Contents/Frameworks/Sentry.framework/Sentry ... 
2019-07-14 20:00:13 +0000  linked ./Contents/Frameworks/Sentry.framework/Sentry
2019-07-14 20:00:13 +0000  copying symlink ./Contents/Frameworks/STHTTPRequest.framework/Resources ... 
2019-07-14 20:00:13 +0000  linked ./Contents/Frameworks/STHTTPRequest.framework/Resources
2019-07-14 20:00:13 +0000  copying file ./Contents/Frameworks/STHTTPRequest.framework/Versions/A/_CodeSignature/CodeResources ... 
2019-07-14 20:00:13 +0000  2514 bytes for ./Contents/Frameworks/STHTTPRequest.framework/Versions/A/_CodeSignature/CodeResources
2019-07-14 20:00:13 +0000  copying file ./Contents/Frameworks/STHTTPRequest.framework/Versions/A/Resources/Info.plist ... 
2019-07-14 20:00:13 +0000  1239 bytes for ./Contents/Frameworks/STHTTPRequest.framework/Versions/A/Resources/Info.plist
copying file ./Contents/Frameworks/STHTTPRequest.framework/Versions/A/STHTTPRequest ... 
2019-07-14 20:00:13 +0000  185216 bytes for ./Contents/Frameworks/STHTTPRequest.framework/Versions/A/STHTTPRequest
2019-07-14 20:00:13 +0000  copying symlink ./Contents/Frameworks/STHTTPRequest.framework/Versions/Current ... 
2019-07-14 20:00:13 +0000  linked ./Contents/Frameworks/STHTTPRequest.framework/Versions/Current
copying symlink ./Contents/Frameworks/STHTTPRequest.framework/STHTTPRequest ... 
2019-07-14 20:00:13 +0000  linked ./Contents/Frameworks/STHTTPRequest.framework/STHTTPRequest
2019-07-14 20:00:13 +0000  copying symlink ./Contents/Frameworks/CocoaLumberjack.framework/Resources ... 
2019-07-14 20:00:13 +0000  linked ./Contents/Frameworks/CocoaLumberjack.framework/Resources
2019-07-14 20:00:13 +0000  copying file ./Contents/Frameworks/CocoaLumberjack.framework/Versions/A/_CodeSignature/CodeResources ... 
2019-07-14 20:00:13 +0000  2514 bytes for ./Contents/Frameworks/CocoaLumberjack.framework/Versions/A/_CodeSignature/CodeResources
2019-07-14 20:00:13 +0000  copying file ./Contents/Frameworks/CocoaLumberjack.framework/Versions/A/Resources/Info.plist ... 
2019-07-14 20:00:13 +0000  1245 bytes for ./Contents/Frameworks/CocoaLumberjack.framework/Versions/A/Resources/Info.plist
2019-07-14 20:00:13 +0000  copying file ./Contents/Frameworks/CocoaLumberjack.framework/Versions/A/CocoaLumberjack ... 
2019-07-14 20:00:13 +0000  364448 bytes for ./Contents/Frameworks/CocoaLumberjack.framework/Versions/A/CocoaLumberjack
2019-07-14 20:00:13 +0000  copying symlink ./Contents/Frameworks/CocoaLumberjack.framework/Versions/Current ... 
2019-07-14 20:00:13 +0000  linked ./Contents/Frameworks/CocoaLumberjack.framework/Versions/Current
copying symlink ./Contents/Frameworks/CocoaLumberjack.framework/CocoaLumberjack ... 
2019-07-14 20:00:13 +0000  linked ./Contents/Frameworks/CocoaLumberjack.framework/CocoaLumberjack
2019-07-14 20:00:13 +0000  copying symlink ./Contents/Frameworks/SDWebImage.framework/Resources ... 
2019-07-14 20:00:13 +0000  linked ./Contents/Frameworks/SDWebImage.framework/Resources
2019-07-14 20:00:13 +0000  copying file ./Contents/Frameworks/SDWebImage.framework/Versions/A/_CodeSignature/CodeResources ... 
2019-07-14 20:00:13 +0000  2514 bytes for ./Contents/Frameworks/SDWebImage.framework/Versions/A/_CodeSignature/CodeResources
2019-07-14 20:00:13 +0000  copying file ./Contents/Frameworks/SDWebImage.framework/Versions/A/Resources/Info.plist ... 
2019-07-14 20:00:13 +0000  1230 bytes for ./Contents/Frameworks/SDWebImage.framework/Versions/A/Resources/Info.plist
2019-07-14 20:00:13 +0000  copying file ./Contents/Frameworks/SDWebImage.framework/Versions/A/SDWebImage ... 
2019-07-14 20:00:13 +0000  395824 bytes for ./Contents/Frameworks/SDWebImage.framework/Versions/A/SDWebImage
2019-07-14 20:00:13 +0000  copying symlink ./Contents/Frameworks/SDWebImage.framework/Versions/Current ... 
2019-07-14 20:00:13 +0000  linked ./Contents/Frameworks/SDWebImage.framework/Versions/Current
2019-07-14 20:00:13 +0000  copying symlink ./Contents/Frameworks/SDWebImage.framework/SDWebImage ... 
2019-07-14 20:00:13 +0000  linked ./Contents/Frameworks/SDWebImage.framework/SDWebImage
2019-07-14 20:00:13 +0000  copying symlink ./Contents/Frameworks/SocketRocket.framework/Resources ... 
2019-07-14 20:00:13 +0000  linked ./Contents/Frameworks/SocketRocket.framework/Resources
2019-07-14 20:00:13 +0000  copying symlink ./Contents/Frameworks/SocketRocket.framework/SocketRocket ... 
linked ./Contents/Frameworks/SocketRocket.framework/SocketRocket
2019-07-14 20:00:13 +0000  copying file ./Contents/Frameworks/SocketRocket.framework/Versions/A/_CodeSignature/CodeResources ... 
2019-07-14 20:00:13 +0000  2514 bytes for ./Contents/Frameworks/SocketRocket.framework/Versions/A/_CodeSignature/CodeResources
2019-07-14 20:00:13 +0000  copying file ./Contents/Frameworks/SocketRocket.framework/Versions/A/Resources/Info.plist ... 
2019-07-14 20:00:13 +0000  1236 bytes for ./Contents/Frameworks/SocketRocket.framework/Versions/A/Resources/Info.plist
2019-07-14 20:00:13 +0000  copying file ./Contents/Frameworks/SocketRocket.framework/Versions/A/SocketRocket ... 
2019-07-14 20:00:13 +0000  171456 bytes for ./Contents/Frameworks/SocketRocket.framework/Versions/A/SocketRocket
2019-07-14 20:00:13 +0000  copying symlink ./Contents/Frameworks/SocketRocket.framework/Versions/Current ... 
2019-07-14 20:00:13 +0000  linked ./Contents/Frameworks/SocketRocket.framework/Versions/Current
2019-07-14 20:00:13 +0000  copying symlink ./Contents/Frameworks/SAMKeychain.framework/Resources ... 
2019-07-14 20:00:13 +0000  linked ./Contents/Frameworks/SAMKeychain.framework/Resources
2019-07-14 20:00:13 +0000  copying file ./Contents/Frameworks/SAMKeychain.framework/Versions/A/_CodeSignature/CodeResources ... 
2019-07-14 20:00:13 +0000  2995 bytes for ./Contents/Frameworks/SAMKeychain.framework/Versions/A/_CodeSignature/CodeResources
2019-07-14 20:00:13 +0000  copying file ./Contents/Frameworks/SAMKeychain.framework/Versions/A/Resources/SAMKeychain.bundle/en.lproj/SAMKeychain.strings ... 
2019-07-14 20:00:13 +0000  1580 bytes for ./Contents/Frameworks/SAMKeychain.framework/Versions/A/Resources/SAMKeychain.bundle/en.lproj/SAMKeychain.strings
2019-07-14 20:00:13 +0000  copying file ./Contents/Frameworks/SAMKeychain.framework/Versions/A/Resources/Info.plist ... 
2019-07-14 20:00:13 +0000  1233 bytes for ./Contents/Frameworks/SAMKeychain.framework/Versions/A/Resources/Info.plist
2019-07-14 20:00:13 +0000  copying file ./Contents/Frameworks/SAMKeychain.framework/Versions/A/SAMKeychain ... 
2019-07-14 20:00:13 +0000  90576 bytes for ./Contents/Frameworks/SAMKeychain.framework/Versions/A/SAMKeychain
copying symlink ./Contents/Frameworks/SAMKeychain.framework/Versions/Current ... 
2019-07-14 20:00:13 +0000  linked ./Contents/Frameworks/SAMKeychain.framework/Versions/Current
2019-07-14 20:00:13 +0000  copying symlink ./Contents/Frameworks/SAMKeychain.framework/SAMKeychain ... 
2019-07-14 20:00:13 +0000  linked ./Contents/Frameworks/SAMKeychain.framework/SAMKeychain
copying file ./Contents/Info.plist ... 
2019-07-14 20:00:13 +0000  1843 bytes for ./Contents/Info.plist
copying file ./Contents/PkgInfo ... 
2019-07-14 20:00:13 +0000  8 bytes for ./Contents/PkgInfo
2019-07-14 20:00:13 +0000 [MT] /usr/bin/ditto exited with 0
2019-07-14 20:00:13 +0000 [MT] Processing step: IDEDistributionEmbedProfileStep
2019-07-14 20:00:13 +0000 [MT] Skipping profile for item: <IDEDistributionItem: 0x7fcdabee0870 '(null)' '<DVTFilePath:0x7fcdabf67060:'/Users/maxmitch/Documents/work/notifi/Mac App/tmp.xcarchive/Products/Applications/notifi.app/Contents/Frameworks/Sparkle.framework/Versions/A/Resources/Autoupdate.app/Contents/MacOS/fileop'>'>
2019-07-14 20:00:13 +0000 [MT] Skipping profile for item: <IDEDistributionItem: 0x7fcdabed6b80 'org.sparkle-project.Sparkle.Autoupdate' '<DVTFilePath:0x7fcdabea9260:'/Users/maxmitch/Documents/work/notifi/Mac App/tmp.xcarchive/Products/Applications/notifi.app/Contents/Frameworks/Sparkle.framework/Versions/A/Resources/Autoupdate.app'>'>
2019-07-14 20:00:13 +0000 [MT] Skipping profile for item: <IDEDistributionItem: 0x7fcdabf9eab0 'org.cocoapods.CocoaLumberjack' '<DVTFilePath:0x7fcdac085430:'/Users/maxmitch/Documents/work/notifi/Mac App/tmp.xcarchive/Products/Applications/notifi.app/Contents/Frameworks/CocoaLumberjack.framework/Versions/A'>'>
2019-07-14 20:00:13 +0000 [MT] Skipping profile for item: <IDEDistributionItem: 0x7fcdac09c9b0 'org.cocoapods.SAMKeychain' '<DVTFilePath:0x7fcdabf923d0:'/Users/maxmitch/Documents/work/notifi/Mac App/tmp.xcarchive/Products/Applications/notifi.app/Contents/Frameworks/SAMKeychain.framework/Versions/A'>'>
2019-07-14 20:00:13 +0000 [MT] Skipping profile for item: <IDEDistributionItem: 0x7fcdac11f910 'org.cocoapods.SDWebImage' '<DVTFilePath:0x7fcdabec6490:'/Users/maxmitch/Documents/work/notifi/Mac App/tmp.xcarchive/Products/Applications/notifi.app/Contents/Frameworks/SDWebImage.framework/Versions/A'>'>
2019-07-14 20:00:13 +0000 [MT] Skipping profile for item: <IDEDistributionItem: 0x7fcdac115460 'org.cocoapods.STHTTPRequest' '<DVTFilePath:0x7fcdac07cea0:'/Users/maxmitch/Documents/work/notifi/Mac App/tmp.xcarchive/Products/Applications/notifi.app/Contents/Frameworks/STHTTPRequest.framework/Versions/A'>'>
2019-07-14 20:00:13 +0000 [MT] Skipping profile for item: <IDEDistributionItem: 0x7fcdabed8730 'org.cocoapods.Sentry' '<DVTFilePath:0x7fcdabec2670:'/Users/maxmitch/Documents/work/notifi/Mac App/tmp.xcarchive/Products/Applications/notifi.app/Contents/Frameworks/Sentry.framework/Versions/A'>'>
2019-07-14 20:00:13 +0000 [MT] Skipping profile for item: <IDEDistributionItem: 0x7fcdabed60f0 'org.cocoapods.SocketRocket' '<DVTFilePath:0x7fcdabe9d6d0:'/Users/maxmitch/Documents/work/notifi/Mac App/tmp.xcarchive/Products/Applications/notifi.app/Contents/Frameworks/SocketRocket.framework/Versions/A'>'>
2019-07-14 20:00:13 +0000 [MT] Skipping profile for item: <IDEDistributionItem: 0x7fcdabfa6fd0 'org.sparkle-project.Sparkle' '<DVTFilePath:0x7fcdabee6fb0:'/Users/maxmitch/Documents/work/notifi/Mac App/tmp.xcarchive/Products/Applications/notifi.app/Contents/Frameworks/Sparkle.framework/Versions/A'>'>
2019-07-14 20:00:13 +0000 [MT] Skipping profile for item: <IDEDistributionItem: 0x7fcdabfb4710 'co.m4x.notifi' '<DVTFilePath:0x7fcdabd73870:'/Users/maxmitch/Documents/work/notifi/Mac App/tmp.xcarchive/Products/Applications/notifi.app'>'>
2019-07-14 20:00:13 +0000 [MT] Processing step: IDEDistributionAppThinningPlistStep
2019-07-14 20:00:13 +0000 [MT] Processing step: IDEDistributionCompileBitcodeStep
2019-07-14 20:00:13 +0000 [MT] Skipping step: IDEDistributionCompileBitcodeStep because it said so
2019-07-14 20:00:13 +0000 [MT] Processing step: IDEDistributionCodeSlimmingStep
2019-07-14 20:00:13 +0000 [MT] Processing step: IDEDistributionCopyBCSymbolMapsStep
2019-07-14 20:00:13 +0000 [MT] Skipping step: IDEDistributionCopyBCSymbolMapsStep because it said so
2019-07-14 20:00:13 +0000 [MT] Skipping step: IDEDistributionCopyBCSymbolMapsStep because it said so
2019-07-14 20:00:13 +0000 [MT] Skipping step: IDEDistributionCopyBCSymbolMapsStep because it said so
2019-07-14 20:00:13 +0000 [MT] Skipping step: IDEDistributionCopyBCSymbolMapsStep because it said so
2019-07-14 20:00:13 +0000 [MT] Skipping step: IDEDistributionCopyBCSymbolMapsStep because it said so
2019-07-14 20:00:13 +0000 [MT] Skipping step: IDEDistributionCopyBCSymbolMapsStep because it said so
2019-07-14 20:00:13 +0000 [MT] Skipping step: IDEDistributionCopyBCSymbolMapsStep because it said so
2019-07-14 20:00:13 +0000 [MT] Skipping step: IDEDistributionCopyBCSymbolMapsStep because it said so
2019-07-14 20:00:13 +0000 [MT] Skipping step: IDEDistributionCopyBCSymbolMapsStep because it said so
2019-07-14 20:00:13 +0000 [MT] Skipping step: IDEDistributionCopyBCSymbolMapsStep because it said so
2019-07-14 20:00:13 +0000 [MT] Processing step: IDEDistributionSymbolsStep
2019-07-14 20:00:13 +0000 [MT] Skipping step: IDEDistributionSymbolsStep because it said so
2019-07-14 20:00:13 +0000 [MT] Skipping step: IDEDistributionSymbolsStep because it said so
2019-07-14 20:00:13 +0000 [MT] Skipping step: IDEDistributionSymbolsStep because it said so
2019-07-14 20:00:13 +0000 [MT] Skipping step: IDEDistributionSymbolsStep because it said so
2019-07-14 20:00:13 +0000 [MT] Skipping step: IDEDistributionSymbolsStep because it said so
2019-07-14 20:00:13 +0000 [MT] Skipping step: IDEDistributionSymbolsStep because it said so
2019-07-14 20:00:13 +0000 [MT] Skipping step: IDEDistributionSymbolsStep because it said so
2019-07-14 20:00:13 +0000 [MT] Skipping step: IDEDistributionSymbolsStep because it said so
2019-07-14 20:00:13 +0000 [MT] Skipping step: IDEDistributionSymbolsStep because it said so
2019-07-14 20:00:13 +0000 [MT] Skipping step: IDEDistributionSymbolsStep because it said so
2019-07-14 20:00:13 +0000 [MT] Processing step: IDEDistributionAppThinningStep
2019-07-14 20:00:13 +0000 [MT] Skipping step: IDEDistributionAppThinningStep because it said so
2019-07-14 20:00:13 +0000 [MT] Processing step: IDEDistributionArchThinningStep
2019-07-14 20:00:13 +0000 [MT] Running /Applications/Xcode.app/Contents/Developer/Toolchains/XcodeDefault.xctoolchain/usr/bin/lipo '/var/folders/86/c9h8fjwn6svb1m7jj5qr1f9h0000gn/T/XcodeDistPipeline.yW5/Root/Applications/notifi.app/Contents/Frameworks/Sparkle.framework/Versions/A/Resources/Autoupdate.app/Contents/MacOS/fileop' '-verify_arch' 'arm64e'
2019-07-14 20:00:13 +0000 [MT] /Applications/Xcode.app/Contents/Developer/Toolchains/XcodeDefault.xctoolchain/usr/bin/lipo exited with 1
2019-07-14 20:00:13 +0000 [MT] Skipping architecture thinning for item "fileop" because arch "arm64e" wasn't found
2019-07-14 20:00:13 +0000 [MT] Running /Applications/Xcode.app/Contents/Developer/Toolchains/XcodeDefault.xctoolchain/usr/bin/lipo '/var/folders/86/c9h8fjwn6svb1m7jj5qr1f9h0000gn/T/XcodeDistPipeline.yW5/Root/Applications/notifi.app/Contents/Frameworks/Sparkle.framework/Versions/A/Resources/Autoupdate.app/Contents/MacOS/Autoupdate' '-verify_arch' 'arm64e'
2019-07-14 20:00:13 +0000 [MT] /Applications/Xcode.app/Contents/Developer/Toolchains/XcodeDefault.xctoolchain/usr/bin/lipo exited with 1
2019-07-14 20:00:13 +0000 [MT] Skipping architecture thinning for item "Autoupdate" because arch "arm64e" wasn't found
2019-07-14 20:00:13 +0000 [MT] Running /Applications/Xcode.app/Contents/Developer/Toolchains/XcodeDefault.xctoolchain/usr/bin/lipo '/var/folders/86/c9h8fjwn6svb1m7jj5qr1f9h0000gn/T/XcodeDistPipeline.yW5/Root/Applications/notifi.app/Contents/Frameworks/CocoaLumberjack.framework/Versions/A/CocoaLumberjack' '-verify_arch' 'arm64e'
2019-07-14 20:00:13 +0000 [MT] /Applications/Xcode.app/Contents/Developer/Toolchains/XcodeDefault.xctoolchain/usr/bin/lipo exited with 1
2019-07-14 20:00:13 +0000 [MT] Skipping architecture thinning for item "CocoaLumberjack" because arch "arm64e" wasn't found
2019-07-14 20:00:13 +0000 [MT] Running /Applications/Xcode.app/Contents/Developer/Toolchains/XcodeDefault.xctoolchain/usr/bin/lipo '/var/folders/86/c9h8fjwn6svb1m7jj5qr1f9h0000gn/T/XcodeDistPipeline.yW5/Root/Applications/notifi.app/Contents/Frameworks/SAMKeychain.framework/Versions/A/SAMKeychain' '-verify_arch' 'arm64e'
2019-07-14 20:00:13 +0000 [MT] /Applications/Xcode.app/Contents/Developer/Toolchains/XcodeDefault.xctoolchain/usr/bin/lipo exited with 1
2019-07-14 20:00:13 +0000 [MT] Skipping architecture thinning for item "SAMKeychain" because arch "arm64e" wasn't found
2019-07-14 20:00:13 +0000 [MT] Running /Applications/Xcode.app/Contents/Developer/Toolchains/XcodeDefault.xctoolchain/usr/bin/lipo '/var/folders/86/c9h8fjwn6svb1m7jj5qr1f9h0000gn/T/XcodeDistPipeline.yW5/Root/Applications/notifi.app/Contents/Frameworks/SDWebImage.framework/Versions/A/SDWebImage' '-verify_arch' 'arm64e'
2019-07-14 20:00:13 +0000 [MT] /Applications/Xcode.app/Contents/Developer/Toolchains/XcodeDefault.xctoolchain/usr/bin/lipo exited with 1
2019-07-14 20:00:13 +0000 [MT] Skipping architecture thinning for item "SDWebImage" because arch "arm64e" wasn't found
2019-07-14 20:00:13 +0000 [MT] Running /Applications/Xcode.app/Contents/Developer/Toolchains/XcodeDefault.xctoolchain/usr/bin/lipo '/var/folders/86/c9h8fjwn6svb1m7jj5qr1f9h0000gn/T/XcodeDistPipeline.yW5/Root/Applications/notifi.app/Contents/Frameworks/STHTTPRequest.framework/Versions/A/STHTTPRequest' '-verify_arch' 'arm64e'
2019-07-14 20:00:13 +0000 [MT] /Applications/Xcode.app/Contents/Developer/Toolchains/XcodeDefault.xctoolchain/usr/bin/lipo exited with 1
2019-07-14 20:00:13 +0000 [MT] Skipping architecture thinning for item "STHTTPRequest" because arch "arm64e" wasn't found
2019-07-14 20:00:13 +0000 [MT] Running /Applications/Xcode.app/Contents/Developer/Toolchains/XcodeDefault.xctoolchain/usr/bin/lipo '/var/folders/86/c9h8fjwn6svb1m7jj5qr1f9h0000gn/T/XcodeDistPipeline.yW5/Root/Applications/notifi.app/Contents/Frameworks/Sentry.framework/Versions/A/Sentry' '-verify_arch' 'arm64e'
2019-07-14 20:00:13 +0000 [MT] /Applications/Xcode.app/Contents/Developer/Toolchains/XcodeDefault.xctoolchain/usr/bin/lipo exited with 1
2019-07-14 20:00:13 +0000 [MT] Skipping architecture thinning for item "Sentry" because arch "arm64e" wasn't found
2019-07-14 20:00:13 +0000 [MT] Running /Applications/Xcode.app/Contents/Developer/Toolchains/XcodeDefault.xctoolchain/usr/bin/lipo '/var/folders/86/c9h8fjwn6svb1m7jj5qr1f9h0000gn/T/XcodeDistPipeline.yW5/Root/Applications/notifi.app/Contents/Frameworks/SocketRocket.framework/Versions/A/SocketRocket' '-verify_arch' 'arm64e'
2019-07-14 20:00:13 +0000 [MT] /Applications/Xcode.app/Contents/Developer/Toolchains/XcodeDefault.xctoolchain/usr/bin/lipo exited with 1
2019-07-14 20:00:13 +0000 [MT] Skipping architecture thinning for item "SocketRocket" because arch "arm64e" wasn't found
2019-07-14 20:00:13 +0000 [MT] Running /Applications/Xcode.app/Contents/Developer/Toolchains/XcodeDefault.xctoolchain/usr/bin/lipo '/var/folders/86/c9h8fjwn6svb1m7jj5qr1f9h0000gn/T/XcodeDistPipeline.yW5/Root/Applications/notifi.app/Contents/Frameworks/Sparkle.framework/Versions/A/Sparkle' '-verify_arch' 'arm64e'
2019-07-14 20:00:13 +0000 [MT] /Applications/Xcode.app/Contents/Developer/Toolchains/XcodeDefault.xctoolchain/usr/bin/lipo exited with 1
2019-07-14 20:00:13 +0000 [MT] Skipping architecture thinning for item "Sparkle" because arch "arm64e" wasn't found
2019-07-14 20:00:13 +0000 [MT] Running /Applications/Xcode.app/Contents/Developer/Toolchains/XcodeDefault.xctoolchain/usr/bin/lipo '/var/folders/86/c9h8fjwn6svb1m7jj5qr1f9h0000gn/T/XcodeDistPipeline.yW5/Root/Applications/notifi.app/Contents/MacOS/notifi' '-verify_arch' 'arm64e'
2019-07-14 20:00:13 +0000 [MT] /Applications/Xcode.app/Contents/Developer/Toolchains/XcodeDefault.xctoolchain/usr/bin/lipo exited with 1
2019-07-14 20:00:13 +0000 [MT] Skipping architecture thinning for item "notifi" because arch "arm64e" wasn't found
2019-07-14 20:00:13 +0000 [MT] Processing step: IDEDistributionODRStep
2019-07-14 20:00:13 +0000 [MT] Processing step: IDEDistributionStripXattrsStep
2019-07-14 20:00:13 +0000 [MT] Skipping stripping extended attributes of item: <IDEDistributionItem: 0x7fcdabee0870 '(null)' '<DVTFilePath:0x7fcdabf67060:'/Users/maxmitch/Documents/work/notifi/Mac App/tmp.xcarchive/Products/Applications/notifi.app/Contents/Frameworks/Sparkle.framework/Versions/A/Resources/Autoupdate.app/Contents/MacOS/fileop'>'>
2019-07-14 20:00:13 +0000 [MT] Skipping stripping extended attributes of item: <IDEDistributionItem: 0x7fcdabed6b80 'org.sparkle-project.Sparkle.Autoupdate' '<DVTFilePath:0x7fcdabea9260:'/Users/maxmitch/Documents/work/notifi/Mac App/tmp.xcarchive/Products/Applications/notifi.app/Contents/Frameworks/Sparkle.framework/Versions/A/Resources/Autoupdate.app'>'>
2019-07-14 20:00:13 +0000 [MT] Skipping stripping extended attributes of item: <IDEDistributionItem: 0x7fcdabf9eab0 'org.cocoapods.CocoaLumberjack' '<DVTFilePath:0x7fcdac085430:'/Users/maxmitch/Documents/work/notifi/Mac App/tmp.xcarchive/Products/Applications/notifi.app/Contents/Frameworks/CocoaLumberjack.framework/Versions/A'>'>
2019-07-14 20:00:13 +0000 [MT] Skipping stripping extended attributes of item: <IDEDistributionItem: 0x7fcdac09c9b0 'org.cocoapods.SAMKeychain' '<DVTFilePath:0x7fcdabf923d0:'/Users/maxmitch/Documents/work/notifi/Mac App/tmp.xcarchive/Products/Applications/notifi.app/Contents/Frameworks/SAMKeychain.framework/Versions/A'>'>
2019-07-14 20:00:13 +0000 [MT] Skipping stripping extended attributes of item: <IDEDistributionItem: 0x7fcdac11f910 'org.cocoapods.SDWebImage' '<DVTFilePath:0x7fcdabec6490:'/Users/maxmitch/Documents/work/notifi/Mac App/tmp.xcarchive/Products/Applications/notifi.app/Contents/Frameworks/SDWebImage.framework/Versions/A'>'>
2019-07-14 20:00:13 +0000 [MT] Skipping stripping extended attributes of item: <IDEDistributionItem: 0x7fcdac115460 'org.cocoapods.STHTTPRequest' '<DVTFilePath:0x7fcdac07cea0:'/Users/maxmitch/Documents/work/notifi/Mac App/tmp.xcarchive/Products/Applications/notifi.app/Contents/Frameworks/STHTTPRequest.framework/Versions/A'>'>
2019-07-14 20:00:13 +0000 [MT] Skipping stripping extended attributes of item: <IDEDistributionItem: 0x7fcdabed8730 'org.cocoapods.Sentry' '<DVTFilePath:0x7fcdabec2670:'/Users/maxmitch/Documents/work/notifi/Mac App/tmp.xcarchive/Products/Applications/notifi.app/Contents/Frameworks/Sentry.framework/Versions/A'>'>
2019-07-14 20:00:13 +0000 [MT] Skipping stripping extended attributes of item: <IDEDistributionItem: 0x7fcdabed60f0 'org.cocoapods.SocketRocket' '<DVTFilePath:0x7fcdabe9d6d0:'/Users/maxmitch/Documents/work/notifi/Mac App/tmp.xcarchive/Products/Applications/notifi.app/Contents/Frameworks/SocketRocket.framework/Versions/A'>'>
2019-07-14 20:00:13 +0000 [MT] Skipping stripping extended attributes of item: <IDEDistributionItem: 0x7fcdabfa6fd0 'org.sparkle-project.Sparkle' '<DVTFilePath:0x7fcdabee6fb0:'/Users/maxmitch/Documents/work/notifi/Mac App/tmp.xcarchive/Products/Applications/notifi.app/Contents/Frameworks/Sparkle.framework/Versions/A'>'>
2019-07-14 20:00:13 +0000 [MT] Running /usr/bin/xattr '-crs' '/var/folders/86/c9h8fjwn6svb1m7jj5qr1f9h0000gn/T/XcodeDistPipeline.yW5/Root/Applications/notifi.app'
2019-07-14 20:00:14 +0000 [MT] /usr/bin/xattr exited with 0
2019-07-14 20:00:14 +0000 [MT] Processing step: IDEDistributionCodesignStep
2019-07-14 20:00:14 +0000 [MT] Entitlements for <IDEDistributionItem: 0x7fcdabee0870 '(null)' '<DVTFilePath:0x7fcdabf67060:'/Users/maxmitch/Documents/work/notifi/Mac App/tmp.xcarchive/Products/Applications/notifi.app/Contents/Frameworks/Sparkle.framework/Versions/A/Resources/Autoupdate.app/Contents/MacOS/fileop'>'>: {
}
2019-07-14 20:00:14 +0000 [MT] Writing entitlements for <IDEDistributionItem: 0x7fcdabee0870 '(null)' '<DVTFilePath:0x7fcdabf67060:'/Users/maxmitch/Documents/work/notifi/Mac App/tmp.xcarchive/Products/Applications/notifi.app/Contents/Frameworks/Sparkle.framework/Versions/A/Resources/Autoupdate.app/Contents/MacOS/fileop'>'> to: /var/folders/86/c9h8fjwn6svb1m7jj5qr1f9h0000gn/T/XcodeDistPipeline.yW5/entitlements6N7QAm
2019-07-14 20:00:14 +0000 [MT] Running /usr/bin/codesign '-vvv' '--force' '--sign' '10159E1698AC4DD1962680806398942BC86EA49D' '--entitlements' '/var/folders/86/c9h8fjwn6svb1m7jj5qr1f9h0000gn/T/XcodeDistPipeline.yW5/entitlements6N7QAm' '--preserve-metadata=identifier,flags,runtime' '--requirements' '=designated => anchor apple generic  and identifier "$self.identifier" and ((cert leaf[field.1.2.840.113635.100.6.1.9] exists) or ( certificate 1[field.1.2.840.113635.100.6.2.6] exists and certificate leaf[field.1.2.840.113635.100.6.1.13] exists  and certificate leaf[subject.OU] = "3H49MXS325" ))' '/var/folders/86/c9h8fjwn6svb1m7jj5qr1f9h0000gn/T/XcodeDistPipeline.yW5/Root/Applications/notifi.app/Contents/Frameworks/Sparkle.framework/Versions/A/Resources/Autoupdate.app/Contents/MacOS/fileop'
2019-07-14 20:00:15 +0000  /var/folders/86/c9h8fjwn6svb1m7jj5qr1f9h0000gn/T/XcodeDistPipeline.yW5/Root/Applications/notifi.app/Contents/Frameworks/Sparkle.framework/Versions/A/Resources/Autoupdate.app/Contents/MacOS/fileop: signed Mach-O thin (x86_64) [fileop]
2019-07-14 20:00:15 +0000 [MT] /usr/bin/codesign exited with 0
2019-07-14 20:00:15 +0000 [MT] Entitlements for <IDEDistributionItem: 0x7fcdabed6b80 'org.sparkle-project.Sparkle.Autoupdate' '<DVTFilePath:0x7fcdabea9260:'/Users/maxmitch/Documents/work/notifi/Mac App/tmp.xcarchive/Products/Applications/notifi.app/Contents/Frameworks/Sparkle.framework/Versions/A/Resources/Autoupdate.app'>'>: {
}
2019-07-14 20:00:15 +0000 [MT] Writing entitlements for <IDEDistributionItem: 0x7fcdabed6b80 'org.sparkle-project.Sparkle.Autoupdate' '<DVTFilePath:0x7fcdabea9260:'/Users/maxmitch/Documents/work/notifi/Mac App/tmp.xcarchive/Products/Applications/notifi.app/Contents/Frameworks/Sparkle.framework/Versions/A/Resources/Autoupdate.app'>'> to: /var/folders/86/c9h8fjwn6svb1m7jj5qr1f9h0000gn/T/XcodeDistPipeline.yW5/entitlementsVGCfP7
2019-07-14 20:00:15 +0000 [MT] Running /usr/bin/codesign '-vvv' '--force' '--sign' '10159E1698AC4DD1962680806398942BC86EA49D' '--entitlements' '/var/folders/86/c9h8fjwn6svb1m7jj5qr1f9h0000gn/T/XcodeDistPipeline.yW5/entitlementsVGCfP7' '--preserve-metadata=identifier,flags,runtime' '--requirements' '=designated => anchor apple generic  and identifier "$self.identifier" and ((cert leaf[field.1.2.840.113635.100.6.1.9] exists) or ( certificate 1[field.1.2.840.113635.100.6.2.6] exists and certificate leaf[field.1.2.840.113635.100.6.1.13] exists  and certificate leaf[subject.OU] = "3H49MXS325" ))' '/var/folders/86/c9h8fjwn6svb1m7jj5qr1f9h0000gn/T/XcodeDistPipeline.yW5/Root/Applications/notifi.app/Contents/Frameworks/Sparkle.framework/Versions/A/Resources/Autoupdate.app'
2019-07-14 20:00:15 +0000  /var/folders/86/c9h8fjwn6svb1m7jj5qr1f9h0000gn/T/XcodeDistPipeline.yW5/Root/Applications/notifi.app/Contents/Frameworks/Sparkle.framework/Versions/A/Resources/Autoupdate.app: signed app bundle with Mach-O thin (x86_64) [org.sparkle-project.Sparkle.Autoupdate]
2019-07-14 20:00:15 +0000 [MT] /usr/bin/codesign exited with 0
2019-07-14 20:00:15 +0000 [MT] Entitlements for <IDEDistributionItem: 0x7fcdabf9eab0 'org.cocoapods.CocoaLumberjack' '<DVTFilePath:0x7fcdac085430:'/Users/maxmitch/Documents/work/notifi/Mac App/tmp.xcarchive/Products/Applications/notifi.app/Contents/Frameworks/CocoaLumberjack.framework/Versions/A'>'>: {
}
2019-07-14 20:00:15 +0000 [MT] Writing entitlements for <IDEDistributionItem: 0x7fcdabf9eab0 'org.cocoapods.CocoaLumberjack' '<DVTFilePath:0x7fcdac085430:'/Users/maxmitch/Documents/work/notifi/Mac App/tmp.xcarchive/Products/Applications/notifi.app/Contents/Frameworks/CocoaLumberjack.framework/Versions/A'>'> to: /var/folders/86/c9h8fjwn6svb1m7jj5qr1f9h0000gn/T/XcodeDistPipeline.yW5/entitlements4Ntxjy
2019-07-14 20:00:15 +0000 [MT] Running /usr/bin/codesign '-vvv' '--force' '--sign' '10159E1698AC4DD1962680806398942BC86EA49D' '--entitlements' '/var/folders/86/c9h8fjwn6svb1m7jj5qr1f9h0000gn/T/XcodeDistPipeline.yW5/entitlements4Ntxjy' '--preserve-metadata=identifier,flags,runtime' '--requirements' '=designated => anchor apple generic  and identifier "$self.identifier" and ((cert leaf[field.1.2.840.113635.100.6.1.9] exists) or ( certificate 1[field.1.2.840.113635.100.6.2.6] exists and certificate leaf[field.1.2.840.113635.100.6.1.13] exists  and certificate leaf[subject.OU] = "3H49MXS325" ))' '/var/folders/86/c9h8fjwn6svb1m7jj5qr1f9h0000gn/T/XcodeDistPipeline.yW5/Root/Applications/notifi.app/Contents/Frameworks/CocoaLumberjack.framework/Versions/A'
2019-07-14 20:00:15 +0000  /var/folders/86/c9h8fjwn6svb1m7jj5qr1f9h0000gn/T/XcodeDistPipeline.yW5/Root/Applications/notifi.app/Contents/Frameworks/CocoaLumberjack.framework/Versions/A: replacing existing signature
2019-07-14 20:00:15 +0000  /var/folders/86/c9h8fjwn6svb1m7jj5qr1f9h0000gn/T/XcodeDistPipeline.yW5/Root/Applications/notifi.app/Contents/Frameworks/CocoaLumberjack.framework/Versions/A: signed bundle with Mach-O thin (x86_64) [org.cocoapods.CocoaLumberjack]
2019-07-14 20:00:15 +0000 [MT] /usr/bin/codesign exited with 0
2019-07-14 20:00:15 +0000 [MT] Entitlements for <IDEDistributionItem: 0x7fcdac09c9b0 'org.cocoapods.SAMKeychain' '<DVTFilePath:0x7fcdabf923d0:'/Users/maxmitch/Documents/work/notifi/Mac App/tmp.xcarchive/Products/Applications/notifi.app/Contents/Frameworks/SAMKeychain.framework/Versions/A'>'>: {
}
2019-07-14 20:00:15 +0000 [MT] Writing entitlements for <IDEDistributionItem: 0x7fcdac09c9b0 'org.cocoapods.SAMKeychain' '<DVTFilePath:0x7fcdabf923d0:'/Users/maxmitch/Documents/work/notifi/Mac App/tmp.xcarchive/Products/Applications/notifi.app/Contents/Frameworks/SAMKeychain.framework/Versions/A'>'> to: /var/folders/86/c9h8fjwn6svb1m7jj5qr1f9h0000gn/T/XcodeDistPipeline.yW5/entitlementsSWd4g7
2019-07-14 20:00:15 +0000 [MT] Running /usr/bin/codesign '-vvv' '--force' '--sign' '10159E1698AC4DD1962680806398942BC86EA49D' '--entitlements' '/var/folders/86/c9h8fjwn6svb1m7jj5qr1f9h0000gn/T/XcodeDistPipeline.yW5/entitlementsSWd4g7' '--preserve-metadata=identifier,flags,runtime' '--requirements' '=designated => anchor apple generic  and identifier "$self.identifier" and ((cert leaf[field.1.2.840.113635.100.6.1.9] exists) or ( certificate 1[field.1.2.840.113635.100.6.2.6] exists and certificate leaf[field.1.2.840.113635.100.6.1.13] exists  and certificate leaf[subject.OU] = "3H49MXS325" ))' '/var/folders/86/c9h8fjwn6svb1m7jj5qr1f9h0000gn/T/XcodeDistPipeline.yW5/Root/Applications/notifi.app/Contents/Frameworks/SAMKeychain.framework/Versions/A'
2019-07-14 20:00:15 +0000  /var/folders/86/c9h8fjwn6svb1m7jj5qr1f9h0000gn/T/XcodeDistPipeline.yW5/Root/Applications/notifi.app/Contents/Frameworks/SAMKeychain.framework/Versions/A: replacing existing signature
2019-07-14 20:00:16 +0000  /var/folders/86/c9h8fjwn6svb1m7jj5qr1f9h0000gn/T/XcodeDistPipeline.yW5/Root/Applications/notifi.app/Contents/Frameworks/SAMKeychain.framework/Versions/A: signed bundle with Mach-O thin (x86_64) [org.cocoapods.SAMKeychain]
2019-07-14 20:00:16 +0000 [MT] /usr/bin/codesign exited with 0
2019-07-14 20:00:16 +0000 [MT] Entitlements for <IDEDistributionItem: 0x7fcdac11f910 'org.cocoapods.SDWebImage' '<DVTFilePath:0x7fcdabec6490:'/Users/maxmitch/Documents/work/notifi/Mac App/tmp.xcarchive/Products/Applications/notifi.app/Contents/Frameworks/SDWebImage.framework/Versions/A'>'>: {
}
2019-07-14 20:00:16 +0000 [MT] Writing entitlements for <IDEDistributionItem: 0x7fcdac11f910 'org.cocoapods.SDWebImage' '<DVTFilePath:0x7fcdabec6490:'/Users/maxmitch/Documents/work/notifi/Mac App/tmp.xcarchive/Products/Applications/notifi.app/Contents/Frameworks/SDWebImage.framework/Versions/A'>'> to: /var/folders/86/c9h8fjwn6svb1m7jj5qr1f9h0000gn/T/XcodeDistPipeline.yW5/entitlementsMMaC9B
2019-07-14 20:00:16 +0000 [MT] Running /usr/bin/codesign '-vvv' '--force' '--sign' '10159E1698AC4DD1962680806398942BC86EA49D' '--entitlements' '/var/folders/86/c9h8fjwn6svb1m7jj5qr1f9h0000gn/T/XcodeDistPipeline.yW5/entitlementsMMaC9B' '--preserve-metadata=identifier,flags,runtime' '--requirements' '=designated => anchor apple generic  and identifier "$self.identifier" and ((cert leaf[field.1.2.840.113635.100.6.1.9] exists) or ( certificate 1[field.1.2.840.113635.100.6.2.6] exists and certificate leaf[field.1.2.840.113635.100.6.1.13] exists  and certificate leaf[subject.OU] = "3H49MXS325" ))' '/var/folders/86/c9h8fjwn6svb1m7jj5qr1f9h0000gn/T/XcodeDistPipeline.yW5/Root/Applications/notifi.app/Contents/Frameworks/SDWebImage.framework/Versions/A'
2019-07-14 20:00:16 +0000  /var/folders/86/c9h8fjwn6svb1m7jj5qr1f9h0000gn/T/XcodeDistPipeline.yW5/Root/Applications/notifi.app/Contents/Frameworks/SDWebImage.framework/Versions/A: replacing existing signature
2019-07-14 20:00:16 +0000  /var/folders/86/c9h8fjwn6svb1m7jj5qr1f9h0000gn/T/XcodeDistPipeline.yW5/Root/Applications/notifi.app/Contents/Frameworks/SDWebImage.framework/Versions/A: signed bundle with Mach-O thin (x86_64) [org.cocoapods.SDWebImage]
2019-07-14 20:00:16 +0000 [MT] /usr/bin/codesign exited with 0
2019-07-14 20:00:16 +0000 [MT] Entitlements for <IDEDistributionItem: 0x7fcdac115460 'org.cocoapods.STHTTPRequest' '<DVTFilePath:0x7fcdac07cea0:'/Users/maxmitch/Documents/work/notifi/Mac App/tmp.xcarchive/Products/Applications/notifi.app/Contents/Frameworks/STHTTPRequest.framework/Versions/A'>'>: {
}
2019-07-14 20:00:16 +0000 [MT] Writing entitlements for <IDEDistributionItem: 0x7fcdac115460 'org.cocoapods.STHTTPRequest' '<DVTFilePath:0x7fcdac07cea0:'/Users/maxmitch/Documents/work/notifi/Mac App/tmp.xcarchive/Products/Applications/notifi.app/Contents/Frameworks/STHTTPRequest.framework/Versions/A'>'> to: /var/folders/86/c9h8fjwn6svb1m7jj5qr1f9h0000gn/T/XcodeDistPipeline.yW5/entitlementspLuBqb
2019-07-14 20:00:16 +0000 [MT] Running /usr/bin/codesign '-vvv' '--force' '--sign' '10159E1698AC4DD1962680806398942BC86EA49D' '--entitlements' '/var/folders/86/c9h8fjwn6svb1m7jj5qr1f9h0000gn/T/XcodeDistPipeline.yW5/entitlementspLuBqb' '--preserve-metadata=identifier,flags,runtime' '--requirements' '=designated => anchor apple generic  and identifier "$self.identifier" and ((cert leaf[field.1.2.840.113635.100.6.1.9] exists) or ( certificate 1[field.1.2.840.113635.100.6.2.6] exists and certificate leaf[field.1.2.840.113635.100.6.1.13] exists  and certificate leaf[subject.OU] = "3H49MXS325" ))' '/var/folders/86/c9h8fjwn6svb1m7jj5qr1f9h0000gn/T/XcodeDistPipeline.yW5/Root/Applications/notifi.app/Contents/Frameworks/STHTTPRequest.framework/Versions/A'
2019-07-14 20:00:16 +0000  /var/folders/86/c9h8fjwn6svb1m7jj5qr1f9h0000gn/T/XcodeDistPipeline.yW5/Root/Applications/notifi.app/Contents/Frameworks/STHTTPRequest.framework/Versions/A: replacing existing signature
2019-07-14 20:00:16 +0000  /var/folders/86/c9h8fjwn6svb1m7jj5qr1f9h0000gn/T/XcodeDistPipeline.yW5/Root/Applications/notifi.app/Contents/Frameworks/STHTTPRequest.framework/Versions/A: signed bundle with Mach-O thin (x86_64) [org.cocoapods.STHTTPRequest]
2019-07-14 20:00:16 +0000  
2019-07-14 20:00:16 +0000 [MT] /usr/bin/codesign exited with 0
2019-07-14 20:00:16 +0000 [MT] Entitlements for <IDEDistributionItem: 0x7fcdabed8730 'org.cocoapods.Sentry' '<DVTFilePath:0x7fcdabec2670:'/Users/maxmitch/Documents/work/notifi/Mac App/tmp.xcarchive/Products/Applications/notifi.app/Contents/Frameworks/Sentry.framework/Versions/A'>'>: {
}
2019-07-14 20:00:16 +0000 [MT] Writing entitlements for <IDEDistributionItem: 0x7fcdabed8730 'org.cocoapods.Sentry' '<DVTFilePath:0x7fcdabec2670:'/Users/maxmitch/Documents/work/notifi/Mac App/tmp.xcarchive/Products/Applications/notifi.app/Contents/Frameworks/Sentry.framework/Versions/A'>'> to: /var/folders/86/c9h8fjwn6svb1m7jj5qr1f9h0000gn/T/XcodeDistPipeline.yW5/entitlementsZ7uuCA
2019-07-14 20:00:16 +0000 [MT] Running /usr/bin/codesign '-vvv' '--force' '--sign' '10159E1698AC4DD1962680806398942BC86EA49D' '--entitlements' '/var/folders/86/c9h8fjwn6svb1m7jj5qr1f9h0000gn/T/XcodeDistPipeline.yW5/entitlementsZ7uuCA' '--preserve-metadata=identifier,flags,runtime' '--requirements' '=designated => anchor apple generic  and identifier "$self.identifier" and ((cert leaf[field.1.2.840.113635.100.6.1.9] exists) or ( certificate 1[field.1.2.840.113635.100.6.2.6] exists and certificate leaf[field.1.2.840.113635.100.6.1.13] exists  and certificate leaf[subject.OU] = "3H49MXS325" ))' '/var/folders/86/c9h8fjwn6svb1m7jj5qr1f9h0000gn/T/XcodeDistPipeline.yW5/Root/Applications/notifi.app/Contents/Frameworks/Sentry.framework/Versions/A'
2019-07-14 20:00:17 +0000  /var/folders/86/c9h8fjwn6svb1m7jj5qr1f9h0000gn/T/XcodeDistPipeline.yW5/Root/Applications/notifi.app/Contents/Frameworks/Sentry.framework/Versions/A: replacing existing signature
2019-07-14 20:00:17 +0000  /var/folders/86/c9h8fjwn6svb1m7jj5qr1f9h0000gn/T/XcodeDistPipeline.yW5/Root/Applications/notifi.app/Contents/Frameworks/Sentry.framework/Versions/A: signed bundle with Mach-O thin (x86_64) [org.cocoapods.Sentry]
2019-07-14 20:00:17 +0000 [MT] /usr/bin/codesign exited with 0
2019-07-14 20:00:17 +0000 [MT] Entitlements for <IDEDistributionItem: 0x7fcdabed60f0 'org.cocoapods.SocketRocket' '<DVTFilePath:0x7fcdabe9d6d0:'/Users/maxmitch/Documents/work/notifi/Mac App/tmp.xcarchive/Products/Applications/notifi.app/Contents/Frameworks/SocketRocket.framework/Versions/A'>'>: {
}
2019-07-14 20:00:17 +0000 [MT] Writing entitlements for <IDEDistributionItem: 0x7fcdabed60f0 'org.cocoapods.SocketRocket' '<DVTFilePath:0x7fcdabe9d6d0:'/Users/maxmitch/Documents/work/notifi/Mac App/tmp.xcarchive/Products/Applications/notifi.app/Contents/Frameworks/SocketRocket.framework/Versions/A'>'> to: /var/folders/86/c9h8fjwn6svb1m7jj5qr1f9h0000gn/T/XcodeDistPipeline.yW5/entitlementsZU8nGn
2019-07-14 20:00:17 +0000 [MT] Running /usr/bin/codesign '-vvv' '--force' '--sign' '10159E1698AC4DD1962680806398942BC86EA49D' '--entitlements' '/var/folders/86/c9h8fjwn6svb1m7jj5qr1f9h0000gn/T/XcodeDistPipeline.yW5/entitlementsZU8nGn' '--preserve-metadata=identifier,flags,runtime' '--requirements' '=designated => anchor apple generic  and identifier "$self.identifier" and ((cert leaf[field.1.2.840.113635.100.6.1.9] exists) or ( certificate 1[field.1.2.840.113635.100.6.2.6] exists and certificate leaf[field.1.2.840.113635.100.6.1.13] exists  and certificate leaf[subject.OU] = "3H49MXS325" ))' '/var/folders/86/c9h8fjwn6svb1m7jj5qr1f9h0000gn/T/XcodeDistPipeline.yW5/Root/Applications/notifi.app/Contents/Frameworks/SocketRocket.framework/Versions/A'
2019-07-14 20:00:17 +0000  /var/folders/86/c9h8fjwn6svb1m7jj5qr1f9h0000gn/T/XcodeDistPipeline.yW5/Root/Applications/notifi.app/Contents/Frameworks/SocketRocket.framework/Versions/A: replacing existing signature
2019-07-14 20:00:17 +0000  /var/folders/86/c9h8fjwn6svb1m7jj5qr1f9h0000gn/T/XcodeDistPipeline.yW5/Root/Applications/notifi.app/Contents/Frameworks/SocketRocket.framework/Versions/A: signed bundle with Mach-O thin (x86_64) [org.cocoapods.SocketRocket]
2019-07-14 20:00:17 +0000 [MT] /usr/bin/codesign exited with 0
2019-07-14 20:00:17 +0000 [MT] Entitlements for <IDEDistributionItem: 0x7fcdabfa6fd0 'org.sparkle-project.Sparkle' '<DVTFilePath:0x7fcdabee6fb0:'/Users/maxmitch/Documents/work/notifi/Mac App/tmp.xcarchive/Products/Applications/notifi.app/Contents/Frameworks/Sparkle.framework/Versions/A'>'>: {
}
2019-07-14 20:00:17 +0000 [MT] Writing entitlements for <IDEDistributionItem: 0x7fcdabfa6fd0 'org.sparkle-project.Sparkle' '<DVTFilePath:0x7fcdabee6fb0:'/Users/maxmitch/Documents/work/notifi/Mac App/tmp.xcarchive/Products/Applications/notifi.app/Contents/Frameworks/Sparkle.framework/Versions/A'>'> to: /var/folders/86/c9h8fjwn6svb1m7jj5qr1f9h0000gn/T/XcodeDistPipeline.yW5/entitlementsoAV2IW
2019-07-14 20:00:17 +0000 [MT] Running /usr/bin/codesign '-vvv' '--force' '--sign' '10159E1698AC4DD1962680806398942BC86EA49D' '--entitlements' '/var/folders/86/c9h8fjwn6svb1m7jj5qr1f9h0000gn/T/XcodeDistPipeline.yW5/entitlementsoAV2IW' '--preserve-metadata=identifier,flags,runtime' '--requirements' '=designated => anchor apple generic  and identifier "$self.identifier" and ((cert leaf[field.1.2.840.113635.100.6.1.9] exists) or ( certificate 1[field.1.2.840.113635.100.6.2.6] exists and certificate leaf[field.1.2.840.113635.100.6.1.13] exists  and certificate leaf[subject.OU] = "3H49MXS325" ))' '/var/folders/86/c9h8fjwn6svb1m7jj5qr1f9h0000gn/T/XcodeDistPipeline.yW5/Root/Applications/notifi.app/Contents/Frameworks/Sparkle.framework/Versions/A'
2019-07-14 20:00:17 +0000  /var/folders/86/c9h8fjwn6svb1m7jj5qr1f9h0000gn/T/XcodeDistPipeline.yW5/Root/Applications/notifi.app/Contents/Frameworks/Sparkle.framework/Versions/A: replacing existing signature
2019-07-14 20:00:18 +0000  /var/folders/86/c9h8fjwn6svb1m7jj5qr1f9h0000gn/T/XcodeDistPipeline.yW5/Root/Applications/notifi.app/Contents/Frameworks/Sparkle.framework/Versions/A: signed bundle with Mach-O thin (x86_64) [org.sparkle-project.Sparkle]
2019-07-14 20:00:18 +0000 [MT] /usr/bin/codesign exited with 0
2019-07-14 20:00:18 +0000 [MT] Entitlements for <IDEDistributionItem: 0x7fcdabfb4710 'co.m4x.notifi' '<DVTFilePath:0x7fcdabd73870:'/Users/maxmitch/Documents/work/notifi/Mac App/tmp.xcarchive/Products/Applications/notifi.app'>'>: {
}
2019-07-14 20:00:18 +0000 [MT] Writing entitlements for <IDEDistributionItem: 0x7fcdabfb4710 'co.m4x.notifi' '<DVTFilePath:0x7fcdabd73870:'/Users/maxmitch/Documents/work/notifi/Mac App/tmp.xcarchive/Products/Applications/notifi.app'>'> to: /var/folders/86/c9h8fjwn6svb1m7jj5qr1f9h0000gn/T/XcodeDistPipeline.yW5/entitlementsP1ygrQ
2019-07-14 20:00:18 +0000 [MT] Running /usr/bin/codesign '-vvv' '--force' '--sign' '10159E1698AC4DD1962680806398942BC86EA49D' '--entitlements' '/var/folders/86/c9h8fjwn6svb1m7jj5qr1f9h0000gn/T/XcodeDistPipeline.yW5/entitlementsP1ygrQ' '--preserve-metadata=identifier,flags,runtime' '--requirements' '=designated => anchor apple generic  and identifier "$self.identifier" and ((cert leaf[field.1.2.840.113635.100.6.1.9] exists) or ( certificate 1[field.1.2.840.113635.100.6.2.6] exists and certificate leaf[field.1.2.840.113635.100.6.1.13] exists  and certificate leaf[subject.OU] = "3H49MXS325" ))' '/var/folders/86/c9h8fjwn6svb1m7jj5qr1f9h0000gn/T/XcodeDistPipeline.yW5/Root/Applications/notifi.app'
2019-07-14 20:00:18 +0000  /var/folders/86/c9h8fjwn6svb1m7jj5qr1f9h0000gn/T/XcodeDistPipeline.yW5/Root/Applications/notifi.app: replacing existing signature
2019-07-14 20:00:18 +0000  /var/folders/86/c9h8fjwn6svb1m7jj5qr1f9h0000gn/T/XcodeDistPipeline.yW5/Root/Applications/notifi.app: signed app bundle with Mach-O thin (x86_64) [co.m4x.notifi]
2019-07-14 20:00:18 +0000  
2019-07-14 20:00:18 +0000 [MT] /usr/bin/codesign exited with 0
2019-07-14 20:00:18 +0000 [MT] Processing step: IDEDistributionZipODRItemStep
2019-07-14 20:00:18 +0000 [MT] Skipping step: IDEDistributionZipODRItemStep because it said so
2019-07-14 20:00:18 +0000 [MT] Skipping step: IDEDistributionZipODRItemStep because it said so
2019-07-14 20:00:18 +0000 [MT] Skipping step: IDEDistributionZipODRItemStep because it said so
2019-07-14 20:00:18 +0000 [MT] Skipping step: IDEDistributionZipODRItemStep because it said so
2019-07-14 20:00:18 +0000 [MT] Skipping step: IDEDistributionZipODRItemStep because it said so
2019-07-14 20:00:18 +0000 [MT] Skipping step: IDEDistributionZipODRItemStep because it said so
2019-07-14 20:00:18 +0000 [MT] Skipping step: IDEDistributionZipODRItemStep because it said so
2019-07-14 20:00:18 +0000 [MT] Skipping step: IDEDistributionZipODRItemStep because it said so
2019-07-14 20:00:18 +0000 [MT] Skipping step: IDEDistributionZipODRItemStep because it said so
2019-07-14 20:00:18 +0000 [MT] Skipping step: IDEDistributionZipODRItemStep because it said so
2019-07-14 20:00:18 +0000 [MT] Processing step: IDEDistributionSkipPackagingStep
2019-07-14 20:00:18 +0000 [MT] Processing step: IDEDistributionAppStoreInformationStep
2019-07-14 20:00:18 +0000 [MT] Skipping step: IDEDistributionAppStoreInformationStep because it said so
2019-07-14 20:00:18 +0000 [MT] Processing step: IDEDistributionCreateManifestStep
2019-07-14 20:00:18 +0000 [MT] Skipping step: IDEDistributionCreateManifestStep because it said so
